{"/home/koushik-pinnu/Downloads/E/FDFED-2/backend/controllers/user/LikedItems.js": {"path":"/home/koushik-pinnu/Downloads/E/FDFED-2/backend/controllers/user/LikedItems.js","statementMap":{"0":{"start":{"line":1,"column":18},"end":{"line":1,"column":51}},"1":{"start":{"line":2,"column":22},"end":{"line":2,"column":55}},"2":{"start":{"line":5,"column":4},"end":{"line":14,"column":5}},"3":{"start":{"line":6,"column":21},"end":{"line":6,"column":60}},"4":{"start":{"line":7,"column":8},"end":{"line":9,"column":9}},"5":{"start":{"line":8,"column":12},"end":{"line":8,"column":71}},"6":{"start":{"line":10,"column":8},"end":{"line":10,"column":41}},"7":{"start":{"line":12,"column":28},"end":{"line":12,"column":117}},"8":{"start":{"line":13,"column":8},"end":{"line":13,"column":54}},"9":{"start":{"line":18,"column":4},"end":{"line":32,"column":5}},"10":{"start":{"line":19,"column":21},"end":{"line":19,"column":64}},"11":{"start":{"line":20,"column":21},"end":{"line":20,"column":64}},"12":{"start":{"line":22,"column":8},"end":{"line":24,"column":9}},"13":{"start":{"line":23,"column":12},"end":{"line":23,"column":79}},"14":{"start":{"line":26,"column":8},"end":{"line":26,"column":30}},"15":{"start":{"line":27,"column":8},"end":{"line":27,"column":26}},"16":{"start":{"line":28,"column":8},"end":{"line":28,"column":66}},"17":{"start":{"line":30,"column":28},"end":{"line":30,"column":114}},"18":{"start":{"line":31,"column":8},"end":{"line":31,"column":54}},"19":{"start":{"line":36,"column":4},"end":{"line":50,"column":5}},"20":{"start":{"line":37,"column":21},"end":{"line":37,"column":64}},"21":{"start":{"line":38,"column":21},"end":{"line":38,"column":64}},"22":{"start":{"line":40,"column":8},"end":{"line":42,"column":9}},"23":{"start":{"line":41,"column":12},"end":{"line":41,"column":79}},"24":{"start":{"line":44,"column":8},"end":{"line":44,"column":86}},"25":{"start":{"line":44,"column":44},"end":{"line":44,"column":84}},"26":{"start":{"line":45,"column":8},"end":{"line":45,"column":26}},"27":{"start":{"line":46,"column":8},"end":{"line":46,"column":70}},"28":{"start":{"line":48,"column":28},"end":{"line":48,"column":116}},"29":{"start":{"line":49,"column":8},"end":{"line":49,"column":54}},"30":{"start":{"line":53,"column":0},"end":{"line":53,"column":68}},"31":{"start":{"line":60,"column":85},"end":{"line":60,"column":40349}},"32":{"start":{"line":60,"column":89},"end":{"line":60,"column":40338}}},"fnMap":{"0":{"name":"getLikedItems","decl":{"start":{"line":4,"column":15},"end":{"line":4,"column":28}},"loc":{"start":{"line":4,"column":39},"end":{"line":15,"column":1}},"line":4},"1":{"name":"addLikedItems","decl":{"start":{"line":17,"column":15},"end":{"line":17,"column":28}},"loc":{"start":{"line":17,"column":39},"end":{"line":33,"column":1}},"line":17},"2":{"name":"deleteLikedItems","decl":{"start":{"line":35,"column":15},"end":{"line":35,"column":31}},"loc":{"start":{"line":35,"column":42},"end":{"line":51,"column":1}},"line":35},"3":{"name":"(anonymous_3)","decl":{"start":{"line":44,"column":39},"end":{"line":44,"column":40}},"loc":{"start":{"line":44,"column":44},"end":{"line":44,"column":84}},"line":44},"4":{"name":"oo_cm","decl":{"start":{"line":60,"column":77},"end":{"line":60,"column":82}},"loc":{"start":{"line":60,"column":84},"end":{"line":60,"column":40350}},"line":60}},"branchMap":{"0":{"loc":{"start":{"line":7,"column":8},"end":{"line":9,"column":9}},"type":"if","locations":[{"start":{"line":7,"column":8},"end":{"line":9,"column":9}},{"start":{},"end":{}}],"line":7},"1":{"loc":{"start":{"line":22,"column":8},"end":{"line":24,"column":9}},"type":"if","locations":[{"start":{"line":22,"column":8},"end":{"line":24,"column":9}},{"start":{},"end":{}}],"line":22},"2":{"loc":{"start":{"line":22,"column":12},"end":{"line":22,"column":26}},"type":"binary-expr","locations":[{"start":{"line":22,"column":12},"end":{"line":22,"column":17}},{"start":{"line":22,"column":21},"end":{"line":22,"column":26}}],"line":22},"3":{"loc":{"start":{"line":40,"column":8},"end":{"line":42,"column":9}},"type":"if","locations":[{"start":{"line":40,"column":8},"end":{"line":42,"column":9}},{"start":{},"end":{}}],"line":40},"4":{"loc":{"start":{"line":40,"column":12},"end":{"line":40,"column":26}},"type":"binary-expr","locations":[{"start":{"line":40,"column":12},"end":{"line":40,"column":17}},{"start":{"line":40,"column":21},"end":{"line":40,"column":26}}],"line":40},"5":{"loc":{"start":{"line":60,"column":96},"end":{"line":60,"column":40337}},"type":"binary-expr","locations":[{"start":{"line":60,"column":96},"end":{"line":60,"column":133}},{"start":{"line":60,"column":137},"end":{"line":60,"column":40337}}],"line":60}},"s":{"0":1,"1":1,"2":1,"3":1,"4":1,"5":0,"6":1,"7":0,"8":0,"9":1,"10":1,"11":1,"12":1,"13":0,"14":1,"15":1,"16":1,"17":0,"18":0,"19":1,"20":1,"21":1,"22":1,"23":0,"24":1,"25":1,"26":1,"27":1,"28":0,"29":0,"30":1,"31":0,"32":0},"f":{"0":1,"1":1,"2":1,"3":1,"4":0},"b":{"0":[0,1],"1":[0,1],"2":[1,1],"3":[0,1],"4":[1,1],"5":[0,0]},"_coverageSchema":"1a1c01bbd47fc00a2c39e90264f33305004495a9","hash":"e498a15bdc38d91afa8e440a9d87bb4d9983e8cc"}
,"/home/koushik-pinnu/Downloads/E/FDFED-2/backend/controllers/user/googleauth.js": {"path":"/home/koushik-pinnu/Downloads/E/FDFED-2/backend/controllers/user/googleauth.js","statementMap":{"0":{"start":{"line":1,"column":19},"end":{"line":1,"column":40}},"1":{"start":{"line":2,"column":14},"end":{"line":2,"column":30}},"2":{"start":{"line":3,"column":18},"end":{"line":3,"column":51}},"3":{"start":{"line":5,"column":17},"end":{"line":5,"column":63}},"4":{"start":{"line":6,"column":21},"end":{"line":6,"column":58}},"5":{"start":{"line":7,"column":21},"end":{"line":7,"column":81}},"6":{"start":{"line":10,"column":20},"end":{"line":12,"column":5}},"7":{"start":{"line":13,"column":4},"end":{"line":13,"column":24}},"8":{"start":{"line":17,"column":4},"end":{"line":37,"column":5}},"9":{"start":{"line":18,"column":27},"end":{"line":18,"column":36}},"10":{"start":{"line":19,"column":25},"end":{"line":19,"column":63}},"11":{"start":{"line":20,"column":32},"end":{"line":20,"column":40}},"12":{"start":{"line":21,"column":28},"end":{"line":21,"column":89}},"13":{"start":{"line":22,"column":27},"end":{"line":22,"column":68}},"14":{"start":{"line":23,"column":8},"end":{"line":25,"column":9}},"15":{"start":{"line":24,"column":12},"end":{"line":24,"column":101}},"16":{"start":{"line":26,"column":24},"end":{"line":31,"column":10}},"17":{"start":{"line":32,"column":8},"end":{"line":32,"column":29}},"18":{"start":{"line":33,"column":8},"end":{"line":33,"column":95}},"19":{"start":{"line":35,"column":28},"end":{"line":35,"column":116}},"20":{"start":{"line":36,"column":8},"end":{"line":36,"column":71}},"21":{"start":{"line":40,"column":0},"end":{"line":40,"column":33}},"22":{"start":{"line":47,"column":85},"end":{"line":47,"column":40349}},"23":{"start":{"line":47,"column":89},"end":{"line":47,"column":40338}}},"fnMap":{"0":{"name":"getUserInfo","decl":{"start":{"line":9,"column":15},"end":{"line":9,"column":26}},"loc":{"start":{"line":9,"column":40},"end":{"line":14,"column":1}},"line":9},"1":{"name":"googleLogin","decl":{"start":{"line":16,"column":15},"end":{"line":16,"column":26}},"loc":{"start":{"line":16,"column":37},"end":{"line":38,"column":1}},"line":16},"2":{"name":"oo_cm","decl":{"start":{"line":47,"column":77},"end":{"line":47,"column":82}},"loc":{"start":{"line":47,"column":84},"end":{"line":47,"column":40350}},"line":47}},"branchMap":{"0":{"loc":{"start":{"line":23,"column":8},"end":{"line":25,"column":9}},"type":"if","locations":[{"start":{"line":23,"column":8},"end":{"line":25,"column":9}},{"start":{},"end":{}}],"line":23},"1":{"loc":{"start":{"line":47,"column":96},"end":{"line":47,"column":40337}},"type":"binary-expr","locations":[{"start":{"line":47,"column":96},"end":{"line":47,"column":133}},{"start":{"line":47,"column":137},"end":{"line":47,"column":40337}}],"line":47}},"s":{"0":1,"1":1,"2":1,"3":1,"4":1,"5":1,"6":1,"7":0,"8":1,"9":1,"10":1,"11":0,"12":0,"13":0,"14":0,"15":0,"16":0,"17":0,"18":0,"19":1,"20":1,"21":1,"22":1,"23":1},"f":{"0":1,"1":1,"2":1},"b":{"0":[0,0],"1":[1,0]},"_coverageSchema":"1a1c01bbd47fc00a2c39e90264f33305004495a9","hash":"012f243c3db2c10873390774ba4283f46c763f15"}
,"/home/koushik-pinnu/Downloads/E/FDFED-2/backend/controllers/user/user_home.js": {"path":"/home/koushik-pinnu/Downloads/E/FDFED-2/backend/controllers/user/user_home.js","statementMap":{"0":{"start":{"line":1,"column":18},"end":{"line":1,"column":51}},"1":{"start":{"line":2,"column":22},"end":{"line":2,"column":55}},"2":{"start":{"line":5,"column":4},"end":{"line":19,"column":5}},"3":{"start":{"line":6,"column":21},"end":{"line":6,"column":71}},"4":{"start":{"line":7,"column":22},"end":{"line":7,"column":44}},"5":{"start":{"line":9,"column":21},"end":{"line":13,"column":9}},"6":{"start":{"line":15,"column":8},"end":{"line":15,"column":77}},"7":{"start":{"line":17,"column":28},"end":{"line":17,"column":110}},"8":{"start":{"line":18,"column":8},"end":{"line":18,"column":54}},"9":{"start":{"line":22,"column":0},"end":{"line":22,"column":36}},"10":{"start":{"line":29,"column":85},"end":{"line":29,"column":40349}},"11":{"start":{"line":29,"column":89},"end":{"line":29,"column":40338}}},"fnMap":{"0":{"name":"renderUserHome","decl":{"start":{"line":4,"column":15},"end":{"line":4,"column":29}},"loc":{"start":{"line":4,"column":40},"end":{"line":20,"column":1}},"line":4},"1":{"name":"oo_cm","decl":{"start":{"line":29,"column":77},"end":{"line":29,"column":82}},"loc":{"start":{"line":29,"column":84},"end":{"line":29,"column":40350}},"line":29}},"branchMap":{"0":{"loc":{"start":{"line":29,"column":96},"end":{"line":29,"column":40337}},"type":"binary-expr","locations":[{"start":{"line":29,"column":96},"end":{"line":29,"column":133}},{"start":{"line":29,"column":137},"end":{"line":29,"column":40337}}],"line":29}},"s":{"0":1,"1":1,"2":1,"3":1,"4":1,"5":1,"6":1,"7":0,"8":0,"9":1,"10":0,"11":0},"f":{"0":1,"1":0},"b":{"0":[0,0]},"_coverageSchema":"1a1c01bbd47fc00a2c39e90264f33305004495a9","hash":"7b6793386d2826fe8ccc6b3cea34551e1e4f06c0"}
,"/home/koushik-pinnu/Downloads/E/FDFED-2/backend/controllers/user/user_login.js": {"path":"/home/koushik-pinnu/Downloads/E/FDFED-2/backend/controllers/user/user_login.js","statementMap":{"0":{"start":{"line":1,"column":15},"end":{"line":1,"column":34}},"1":{"start":{"line":2,"column":18},"end":{"line":2,"column":51}},"2":{"start":{"line":5,"column":32},"end":{"line":5,"column":40}},"3":{"start":{"line":7,"column":4},"end":{"line":25,"column":5}},"4":{"start":{"line":8,"column":21},"end":{"line":8,"column":55}},"5":{"start":{"line":9,"column":8},"end":{"line":11,"column":9}},"6":{"start":{"line":10,"column":12},"end":{"line":10,"column":65}},"7":{"start":{"line":12,"column":8},"end":{"line":14,"column":9}},"8":{"start":{"line":13,"column":12},"end":{"line":13,"column":83}},"9":{"start":{"line":16,"column":24},"end":{"line":16,"column":69}},"10":{"start":{"line":17,"column":8},"end":{"line":21,"column":9}},"11":{"start":{"line":18,"column":12},"end":{"line":18,"column":93}},"12":{"start":{"line":20,"column":12},"end":{"line":20,"column":71}},"13":{"start":{"line":23,"column":28},"end":{"line":23,"column":109}},"14":{"start":{"line":24,"column":8},"end":{"line":24,"column":54}},"15":{"start":{"line":28,"column":0},"end":{"line":28,"column":36}},"16":{"start":{"line":35,"column":85},"end":{"line":35,"column":40349}},"17":{"start":{"line":35,"column":89},"end":{"line":35,"column":40338}}},"fnMap":{"0":{"name":"userlogin_post","decl":{"start":{"line":4,"column":15},"end":{"line":4,"column":29}},"loc":{"start":{"line":4,"column":40},"end":{"line":26,"column":1}},"line":4},"1":{"name":"oo_cm","decl":{"start":{"line":35,"column":77},"end":{"line":35,"column":82}},"loc":{"start":{"line":35,"column":84},"end":{"line":35,"column":40350}},"line":35}},"branchMap":{"0":{"loc":{"start":{"line":9,"column":8},"end":{"line":11,"column":9}},"type":"if","locations":[{"start":{"line":9,"column":8},"end":{"line":11,"column":9}},{"start":{},"end":{}}],"line":9},"1":{"loc":{"start":{"line":12,"column":8},"end":{"line":14,"column":9}},"type":"if","locations":[{"start":{"line":12,"column":8},"end":{"line":14,"column":9}},{"start":{},"end":{}}],"line":12},"2":{"loc":{"start":{"line":17,"column":8},"end":{"line":21,"column":9}},"type":"if","locations":[{"start":{"line":17,"column":8},"end":{"line":21,"column":9}},{"start":{"line":19,"column":15},"end":{"line":21,"column":9}}],"line":17},"3":{"loc":{"start":{"line":35,"column":96},"end":{"line":35,"column":40337}},"type":"binary-expr","locations":[{"start":{"line":35,"column":96},"end":{"line":35,"column":133}},{"start":{"line":35,"column":137},"end":{"line":35,"column":40337}}],"line":35}},"s":{"0":1,"1":1,"2":3,"3":3,"4":3,"5":3,"6":1,"7":2,"8":0,"9":2,"10":2,"11":1,"12":1,"13":0,"14":0,"15":1,"16":0,"17":0},"f":{"0":3,"1":0},"b":{"0":[1,2],"1":[0,2],"2":[1,1],"3":[0,0]},"_coverageSchema":"1a1c01bbd47fc00a2c39e90264f33305004495a9","hash":"714f81678530be5536733a0cc7c9084714ddb980"}
,"/home/koushik-pinnu/Downloads/E/FDFED-2/backend/controllers/user/user_register.js": {"path":"/home/koushik-pinnu/Downloads/E/FDFED-2/backend/controllers/user/user_register.js","statementMap":{"0":{"start":{"line":1,"column":15},"end":{"line":1,"column":34}},"1":{"start":{"line":2,"column":14},"end":{"line":2,"column":47}},"2":{"start":{"line":3,"column":19},"end":{"line":3,"column":40}},"3":{"start":{"line":6,"column":42},"end":{"line":6,"column":50}},"4":{"start":{"line":8,"column":4},"end":{"line":62,"column":5}},"5":{"start":{"line":9,"column":31},"end":{"line":9,"column":61}},"6":{"start":{"line":10,"column":29},"end":{"line":10,"column":59}},"7":{"start":{"line":12,"column":8},"end":{"line":14,"column":9}},"8":{"start":{"line":13,"column":12},"end":{"line":13,"column":77}},"9":{"start":{"line":16,"column":31},"end":{"line":16,"column":62}},"10":{"start":{"line":17,"column":24},"end":{"line":22,"column":10}},"11":{"start":{"line":24,"column":8},"end":{"line":24,"column":29}},"12":{"start":{"line":26,"column":28},"end":{"line":32,"column":10}},"13":{"start":{"line":34,"column":33},"end":{"line":34,"column":78}},"14":{"start":{"line":35,"column":28},"end":{"line":48,"column":9}},"15":{"start":{"line":50,"column":8},"end":{"line":56,"column":11}},"16":{"start":{"line":51,"column":12},"end":{"line":55,"column":13}},"17":{"start":{"line":52,"column":36},"end":{"line":52,"column":92}},"18":{"start":{"line":54,"column":36},"end":{"line":54,"column":123}},"19":{"start":{"line":58,"column":8},"end":{"line":58,"column":83}},"20":{"start":{"line":60,"column":28},"end":{"line":60,"column":116}},"21":{"start":{"line":61,"column":8},"end":{"line":61,"column":67}},"22":{"start":{"line":65,"column":0},"end":{"line":65,"column":39}},"23":{"start":{"line":72,"column":85},"end":{"line":72,"column":40349}},"24":{"start":{"line":72,"column":89},"end":{"line":72,"column":40338}}},"fnMap":{"0":{"name":"userregister_post","decl":{"start":{"line":5,"column":15},"end":{"line":5,"column":32}},"loc":{"start":{"line":5,"column":43},"end":{"line":63,"column":1}},"line":5},"1":{"name":"(anonymous_1)","decl":{"start":{"line":50,"column":42},"end":{"line":50,"column":43}},"loc":{"start":{"line":50,"column":59},"end":{"line":56,"column":9}},"line":50},"2":{"name":"oo_cm","decl":{"start":{"line":72,"column":77},"end":{"line":72,"column":82}},"loc":{"start":{"line":72,"column":84},"end":{"line":72,"column":40350}},"line":72}},"branchMap":{"0":{"loc":{"start":{"line":12,"column":8},"end":{"line":14,"column":9}},"type":"if","locations":[{"start":{"line":12,"column":8},"end":{"line":14,"column":9}},{"start":{},"end":{}}],"line":12},"1":{"loc":{"start":{"line":12,"column":12},"end":{"line":12,"column":42}},"type":"binary-expr","locations":[{"start":{"line":12,"column":12},"end":{"line":12,"column":26}},{"start":{"line":12,"column":30},"end":{"line":12,"column":42}}],"line":12},"2":{"loc":{"start":{"line":51,"column":12},"end":{"line":55,"column":13}},"type":"if","locations":[{"start":{"line":51,"column":12},"end":{"line":55,"column":13}},{"start":{"line":53,"column":19},"end":{"line":55,"column":13}}],"line":51},"3":{"loc":{"start":{"line":72,"column":96},"end":{"line":72,"column":40337}},"type":"binary-expr","locations":[{"start":{"line":72,"column":96},"end":{"line":72,"column":133}},{"start":{"line":72,"column":137},"end":{"line":72,"column":40337}}],"line":72}},"s":{"0":1,"1":1,"2":1,"3":2,"4":2,"5":2,"6":2,"7":2,"8":1,"9":1,"10":1,"11":1,"12":1,"13":1,"14":1,"15":1,"16":1,"17":1,"18":0,"19":1,"20":0,"21":0,"22":1,"23":1,"24":1},"f":{"0":2,"1":1,"2":1},"b":{"0":[1,1],"1":[2,1],"2":[1,0],"3":[1,0]},"_coverageSchema":"1a1c01bbd47fc00a2c39e90264f33305004495a9","hash":"8859a1d391655e65701def96a6a924940ed6644f"}
,"/home/koushik-pinnu/Downloads/E/FDFED-2/backend/middleware/User.js": {"path":"/home/koushik-pinnu/Downloads/E/FDFED-2/backend/middleware/User.js","statementMap":{"0":{"start":{"line":1,"column":23},"end":{"line":4,"column":1}},"1":{"start":{"line":2,"column":24},"end":{"line":2,"column":142}},"2":{"start":{"line":3,"column":4},"end":{"line":3,"column":11}},"3":{"start":{"line":6,"column":28},"end":{"line":21,"column":1}},"4":{"start":{"line":7,"column":23},"end":{"line":7,"column":40}},"5":{"start":{"line":8,"column":4},"end":{"line":8,"column":27}},"6":{"start":{"line":11,"column":4},"end":{"line":18,"column":5}},"7":{"start":{"line":13,"column":12},"end":{"line":13,"column":100}},"8":{"start":{"line":14,"column":12},"end":{"line":14,"column":18}},"9":{"start":{"line":16,"column":12},"end":{"line":16,"column":99}},"10":{"start":{"line":17,"column":12},"end":{"line":17,"column":18}},"11":{"start":{"line":20,"column":4},"end":{"line":20,"column":61}},"12":{"start":{"line":23,"column":0},"end":{"line":23,"column":57}},"13":{"start":{"line":30,"column":85},"end":{"line":30,"column":40349}},"14":{"start":{"line":30,"column":89},"end":{"line":30,"column":40338}}},"fnMap":{"0":{"name":"(anonymous_0)","decl":{"start":{"line":1,"column":23},"end":{"line":1,"column":24}},"loc":{"start":{"line":1,"column":43},"end":{"line":4,"column":1}},"line":1},"1":{"name":"(anonymous_1)","decl":{"start":{"line":6,"column":28},"end":{"line":6,"column":29}},"loc":{"start":{"line":6,"column":53},"end":{"line":21,"column":1}},"line":6},"2":{"name":"oo_cm","decl":{"start":{"line":30,"column":77},"end":{"line":30,"column":82}},"loc":{"start":{"line":30,"column":84},"end":{"line":30,"column":40350}},"line":30}},"branchMap":{"0":{"loc":{"start":{"line":7,"column":23},"end":{"line":7,"column":40}},"type":"binary-expr","locations":[{"start":{"line":7,"column":23},"end":{"line":7,"column":33}},{"start":{"line":7,"column":37},"end":{"line":7,"column":40}}],"line":7},"1":{"loc":{"start":{"line":11,"column":4},"end":{"line":18,"column":5}},"type":"switch","locations":[{"start":{"line":12,"column":8},"end":{"line":14,"column":18}},{"start":{"line":15,"column":8},"end":{"line":17,"column":18}}],"line":11},"2":{"loc":{"start":{"line":30,"column":96},"end":{"line":30,"column":40337}},"type":"binary-expr","locations":[{"start":{"line":30,"column":96},"end":{"line":30,"column":133}},{"start":{"line":30,"column":137},"end":{"line":30,"column":40337}}],"line":30}},"s":{"0":1,"1":9,"2":9,"3":1,"4":0,"5":0,"6":0,"7":0,"8":0,"9":0,"10":0,"11":0,"12":1,"13":9,"14":9},"f":{"0":9,"1":0,"2":9},"b":{"0":[0,0],"1":[0,0],"2":[9,1]},"_coverageSchema":"1a1c01bbd47fc00a2c39e90264f33305004495a9","hash":"95ad7b02f8ecb741b6e0cfce8eb3d493db6cc689"}
,"/home/koushik-pinnu/Downloads/E/FDFED-2/backend/models/itemmodel.js": {"path":"/home/koushik-pinnu/Downloads/E/FDFED-2/backend/models/itemmodel.js","statementMap":{"0":{"start":{"line":1,"column":16},"end":{"line":1,"column":35}},"1":{"start":{"line":3,"column":18},"end":{"line":21,"column":4}},"2":{"start":{"line":24,"column":18},"end":{"line":24,"column":53}},"3":{"start":{"line":26,"column":0},"end":{"line":29,"column":1}}},"fnMap":{},"branchMap":{},"s":{"0":1,"1":1,"2":1,"3":1},"f":{},"b":{},"_coverageSchema":"1a1c01bbd47fc00a2c39e90264f33305004495a9","hash":"73b9b37e63f03d886cb667ba686650e73b126cf1"}
,"/home/koushik-pinnu/Downloads/E/FDFED-2/backend/models/usermodel.js": {"path":"/home/koushik-pinnu/Downloads/E/FDFED-2/backend/models/usermodel.js","statementMap":{"0":{"start":{"line":1,"column":17},"end":{"line":1,"column":36}},"1":{"start":{"line":2,"column":21},"end":{"line":2,"column":43}},"2":{"start":{"line":4,"column":19},"end":{"line":12,"column":4}},"3":{"start":{"line":13,"column":18},"end":{"line":13,"column":58}},"4":{"start":{"line":14,"column":0},"end":{"line":14,"column":25}}},"fnMap":{},"branchMap":{},"s":{"0":1,"1":1,"2":1,"3":1,"4":1},"f":{},"b":{},"_coverageSchema":"1a1c01bbd47fc00a2c39e90264f33305004495a9","hash":"1016f160415be142ab1fa67cb2939853b86c04c7"}
,"/home/koushik-pinnu/Downloads/E/FDFED-2/backend/routers/user-routes/LikedRoutes.js": {"path":"/home/koushik-pinnu/Downloads/E/FDFED-2/backend/routers/user-routes/LikedRoutes.js","statementMap":{"0":{"start":{"line":1,"column":16},"end":{"line":1,"column":34}},"1":{"start":{"line":2,"column":24},"end":{"line":2,"column":68}},"2":{"start":{"line":3,"column":48},"end":{"line":3,"column":80}},"3":{"start":{"line":5,"column":15},"end":{"line":5,"column":31}},"4":{"start":{"line":7,"column":0},"end":{"line":7,"column":111}},"5":{"start":{"line":7,"column":70},"end":{"line":7,"column":109}},"6":{"start":{"line":8,"column":0},"end":{"line":8,"column":124}},"7":{"start":{"line":8,"column":83},"end":{"line":8,"column":122}},"8":{"start":{"line":9,"column":0},"end":{"line":9,"column":129}},"9":{"start":{"line":9,"column":85},"end":{"line":9,"column":127}},"10":{"start":{"line":11,"column":0},"end":{"line":11,"column":24}}},"fnMap":{"0":{"name":"(anonymous_0)","decl":{"start":{"line":7,"column":56},"end":{"line":7,"column":57}},"loc":{"start":{"line":7,"column":70},"end":{"line":7,"column":109}},"line":7},"1":{"name":"(anonymous_1)","decl":{"start":{"line":8,"column":69},"end":{"line":8,"column":70}},"loc":{"start":{"line":8,"column":83},"end":{"line":8,"column":122}},"line":8},"2":{"name":"(anonymous_2)","decl":{"start":{"line":9,"column":71},"end":{"line":9,"column":72}},"loc":{"start":{"line":9,"column":85},"end":{"line":9,"column":127}},"line":9}},"branchMap":{},"s":{"0":1,"1":1,"2":1,"3":1,"4":1,"5":1,"6":1,"7":1,"8":1,"9":1,"10":1},"f":{"0":1,"1":1,"2":1},"b":{},"_coverageSchema":"1a1c01bbd47fc00a2c39e90264f33305004495a9","hash":"c7e6d35effaff93c10024989c9e644f8cfb898e1"}
,"/home/koushik-pinnu/Downloads/E/FDFED-2/backend/routers/user-routes/authrouter.js": {"path":"/home/koushik-pinnu/Downloads/E/FDFED-2/backend/routers/user-routes/authrouter.js","statementMap":{"0":{"start":{"line":1,"column":16},"end":{"line":1,"column":34}},"1":{"start":{"line":2,"column":24},"end":{"line":2,"column":68}},"2":{"start":{"line":3,"column":48},"end":{"line":3,"column":80}},"3":{"start":{"line":5,"column":19},"end":{"line":5,"column":35}},"4":{"start":{"line":7,"column":0},"end":{"line":7,"column":76}},"5":{"start":{"line":9,"column":0},"end":{"line":9,"column":28}}},"fnMap":{},"branchMap":{},"s":{"0":1,"1":1,"2":1,"3":1,"4":1,"5":1},"f":{},"b":{},"_coverageSchema":"1a1c01bbd47fc00a2c39e90264f33305004495a9","hash":"8c01d6170341e54642c84fd1a67b6a0d456edd71"}
,"/home/koushik-pinnu/Downloads/E/FDFED-2/backend/routers/user-routes/user_login.js": {"path":"/home/koushik-pinnu/Downloads/E/FDFED-2/backend/routers/user-routes/user_login.js","statementMap":{"0":{"start":{"line":1,"column":16},"end":{"line":1,"column":34}},"1":{"start":{"line":2,"column":23},"end":{"line":2,"column":67}},"2":{"start":{"line":3,"column":48},"end":{"line":3,"column":80}},"3":{"start":{"line":5,"column":15},"end":{"line":5,"column":31}},"4":{"start":{"line":7,"column":0},"end":{"line":7,"column":85}},"5":{"start":{"line":9,"column":0},"end":{"line":9,"column":24}}},"fnMap":{},"branchMap":{},"s":{"0":1,"1":1,"2":1,"3":1,"4":1,"5":1},"f":{},"b":{},"_coverageSchema":"1a1c01bbd47fc00a2c39e90264f33305004495a9","hash":"002e69d1f9fb1888836dacde10546e5c0b719de8"}
,"/home/koushik-pinnu/Downloads/E/FDFED-2/backend/routers/user-routes/user_register.js": {"path":"/home/koushik-pinnu/Downloads/E/FDFED-2/backend/routers/user-routes/user_register.js","statementMap":{"0":{"start":{"line":1,"column":16},"end":{"line":1,"column":34}},"1":{"start":{"line":2,"column":23},"end":{"line":2,"column":70}},"2":{"start":{"line":3,"column":48},"end":{"line":3,"column":80}},"3":{"start":{"line":6,"column":15},"end":{"line":6,"column":31}},"4":{"start":{"line":9,"column":0},"end":{"line":9,"column":88}},"5":{"start":{"line":12,"column":0},"end":{"line":12,"column":24}}},"fnMap":{},"branchMap":{},"s":{"0":1,"1":1,"2":1,"3":1,"4":1,"5":1},"f":{},"b":{},"_coverageSchema":"1a1c01bbd47fc00a2c39e90264f33305004495a9","hash":"1f334054770ab5be9058f678af9c13e3ddca4c5a"}
}
