{"/home/koushik-pinnu/Downloads/E/FDFED-2/backend/index.js": {"path":"/home/koushik-pinnu/Downloads/E/FDFED-2/backend/index.js","statementMap":{"0":{"start":{"line":1,"column":17},"end":{"line":1,"column":36}},"1":{"start":{"line":2,"column":16},"end":{"line":2,"column":34}},"2":{"start":{"line":3,"column":19},"end":{"line":3,"column":41}},"3":{"start":{"line":4,"column":16},"end":{"line":4,"column":42}},"4":{"start":{"line":5,"column":13},"end":{"line":5,"column":28}},"5":{"start":{"line":6,"column":15},"end":{"line":6,"column":32}},"6":{"start":{"line":7,"column":0},"end":{"line":7,"column":27}},"7":{"start":{"line":8,"column":21},"end":{"line":8,"column":45}},"8":{"start":{"line":9,"column":22},"end":{"line":9,"column":51}},"9":{"start":{"line":10,"column":16},"end":{"line":10,"column":49}},"10":{"start":{"line":11,"column":19},"end":{"line":11,"column":40}},"11":{"start":{"line":12,"column":12},"end":{"line":12,"column":21}},"12":{"start":{"line":13,"column":14},"end":{"line":13,"column":35}},"13":{"start":{"line":14,"column":15},"end":{"line":14,"column":32}},"14":{"start":{"line":15,"column":20},"end":{"line":21,"column":2}},"15":{"start":{"line":23,"column":23},"end":{"line":26,"column":1}},"16":{"start":{"line":28,"column":0},"end":{"line":39,"column":4}},"17":{"start":{"line":30,"column":4},"end":{"line":34,"column":5}},"18":{"start":{"line":31,"column":6},"end":{"line":31,"column":27}},"19":{"start":{"line":33,"column":6},"end":{"line":33,"column":49}},"20":{"start":{"line":40,"column":0},"end":{"line":40,"column":30}},"21":{"start":{"line":41,"column":0},"end":{"line":41,"column":49}},"22":{"start":{"line":44,"column":0},"end":{"line":44,"column":35}},"23":{"start":{"line":45,"column":0},"end":{"line":45,"column":48}},"24":{"start":{"line":46,"column":0},"end":{"line":46,"column":24}},"25":{"start":{"line":47,"column":0},"end":{"line":49,"column":3}},"26":{"start":{"line":48,"column":22},"end":{"line":48,"column":91}},"27":{"start":{"line":50,"column":0},"end":{"line":50,"column":24}},"28":{"start":{"line":54,"column":0},"end":{"line":54,"column":56}},"29":{"start":{"line":54,"column":30},"end":{"line":54,"column":54}},"30":{"start":{"line":55,"column":0},"end":{"line":55,"column":97}},"31":{"start":{"line":55,"column":47},"end":{"line":55,"column":95}},"32":{"start":{"line":56,"column":0},"end":{"line":58,"column":2}},"33":{"start":{"line":59,"column":0},"end":{"line":59,"column":229}},"34":{"start":{"line":59,"column":56},"end":{"line":59,"column":129}},"35":{"start":{"line":59,"column":150},"end":{"line":59,"column":226}},"36":{"start":{"line":60,"column":0},"end":{"line":63,"column":1}},"37":{"start":{"line":61,"column":2},"end":{"line":61,"column":37}},"38":{"start":{"line":64,"column":0},"end":{"line":68,"column":2}},"39":{"start":{"line":65,"column":2},"end":{"line":67,"column":4}},"40":{"start":{"line":66,"column":4},"end":{"line":66,"column":64}},"41":{"start":{"line":69,"column":0},"end":{"line":103,"column":3}},"42":{"start":{"line":70,"column":44},"end":{"line":70,"column":52}},"43":{"start":{"line":71,"column":2},"end":{"line":102,"column":3}},"44":{"start":{"line":73,"column":24},"end":{"line":79,"column":6}},"45":{"start":{"line":80,"column":4},"end":{"line":80,"column":29}},"46":{"start":{"line":83,"column":24},"end":{"line":96,"column":5}},"47":{"start":{"line":97,"column":4},"end":{"line":97,"column":44}},"48":{"start":{"line":98,"column":4},"end":{"line":98,"column":85}},"49":{"start":{"line":100,"column":24},"end":{"line":100,"column":94}},"50":{"start":{"line":101,"column":4},"end":{"line":101,"column":88}},"51":{"start":{"line":104,"column":0},"end":{"line":110,"column":2}},"52":{"start":{"line":105,"column":2},"end":{"line":109,"column":5}},"53":{"start":{"line":106,"column":4},"end":{"line":106,"column":24}},"54":{"start":{"line":108,"column":4},"end":{"line":108,"column":85}},"55":{"start":{"line":114,"column":0},"end":{"line":114,"column":163}},"56":{"start":{"line":114,"column":55},"end":{"line":114,"column":124}},"57":{"start":{"line":114,"column":126},"end":{"line":114,"column":161}},"58":{"start":{"line":115,"column":0},"end":{"line":115,"column":68}},"59":{"start":{"line":116,"column":0},"end":{"line":116,"column":61}},"60":{"start":{"line":117,"column":0},"end":{"line":117,"column":61}},"61":{"start":{"line":118,"column":0},"end":{"line":118,"column":70}},"62":{"start":{"line":119,"column":0},"end":{"line":119,"column":61}},"63":{"start":{"line":120,"column":0},"end":{"line":120,"column":64}},"64":{"start":{"line":121,"column":0},"end":{"line":121,"column":63}},"65":{"start":{"line":123,"column":0},"end":{"line":123,"column":93}},"66":{"start":{"line":123,"column":42},"end":{"line":123,"column":91}},"67":{"start":{"line":124,"column":0},"end":{"line":124,"column":79}},"68":{"start":{"line":125,"column":0},"end":{"line":125,"column":72}},"69":{"start":{"line":126,"column":0},"end":{"line":126,"column":69}},"70":{"start":{"line":127,"column":0},"end":{"line":127,"column":70}},"71":{"start":{"line":128,"column":0},"end":{"line":128,"column":61}},"72":{"start":{"line":129,"column":0},"end":{"line":129,"column":68}},"73":{"start":{"line":130,"column":0},"end":{"line":130,"column":81}},"74":{"start":{"line":134,"column":0},"end":{"line":134,"column":69}},"75":{"start":{"line":135,"column":0},"end":{"line":135,"column":67}},"76":{"start":{"line":136,"column":0},"end":{"line":136,"column":65}},"77":{"start":{"line":139,"column":0},"end":{"line":142,"column":2}},"78":{"start":{"line":140,"column":2},"end":{"line":140,"column":71}},"79":{"start":{"line":141,"column":2},"end":{"line":141,"column":78}},"80":{"start":{"line":144,"column":0},"end":{"line":144,"column":21}},"81":{"start":{"line":151,"column":85},"end":{"line":151,"column":40238}},"82":{"start":{"line":151,"column":89},"end":{"line":151,"column":40227}}},"fnMap":{"0":{"name":"(anonymous_0)","decl":{"start":{"line":29,"column":10},"end":{"line":29,"column":11}},"loc":{"start":{"line":29,"column":32},"end":{"line":35,"column":3}},"line":29},"1":{"name":"(anonymous_1)","decl":{"start":{"line":47,"column":90},"end":{"line":47,"column":91}},"loc":{"start":{"line":47,"column":94},"end":{"line":49,"column":1}},"line":47},"2":{"name":"(anonymous_2)","decl":{"start":{"line":54,"column":21},"end":{"line":54,"column":22}},"loc":{"start":{"line":54,"column":30},"end":{"line":54,"column":54}},"line":54},"3":{"name":"(anonymous_3)","decl":{"start":{"line":55,"column":33},"end":{"line":55,"column":34}},"loc":{"start":{"line":55,"column":47},"end":{"line":55,"column":95}},"line":55},"4":{"name":"(anonymous_4)","decl":{"start":{"line":59,"column":17},"end":{"line":59,"column":18}},"loc":{"start":{"line":59,"column":34},"end":{"line":59,"column":228}},"line":59},"5":{"name":"(anonymous_5)","decl":{"start":{"line":60,"column":14},"end":{"line":60,"column":15}},"loc":{"start":{"line":60,"column":34},"end":{"line":62,"column":1}},"line":60},"6":{"name":"(anonymous_6)","decl":{"start":{"line":64,"column":24},"end":{"line":64,"column":25}},"loc":{"start":{"line":64,"column":44},"end":{"line":68,"column":1}},"line":64},"7":{"name":"(anonymous_7)","decl":{"start":{"line":65,"column":50},"end":{"line":65,"column":51}},"loc":{"start":{"line":65,"column":54},"end":{"line":67,"column":3}},"line":65},"8":{"name":"(anonymous_8)","decl":{"start":{"line":69,"column":22},"end":{"line":69,"column":23}},"loc":{"start":{"line":69,"column":42},"end":{"line":103,"column":1}},"line":69},"9":{"name":"(anonymous_9)","decl":{"start":{"line":104,"column":22},"end":{"line":104,"column":23}},"loc":{"start":{"line":104,"column":42},"end":{"line":110,"column":1}},"line":104},"10":{"name":"(anonymous_10)","decl":{"start":{"line":105,"column":23},"end":{"line":105,"column":24}},"loc":{"start":{"line":105,"column":36},"end":{"line":107,"column":3}},"line":105},"11":{"name":"(anonymous_11)","decl":{"start":{"line":107,"column":11},"end":{"line":107,"column":12}},"loc":{"start":{"line":107,"column":18},"end":{"line":109,"column":3}},"line":107},"12":{"name":"(anonymous_12)","decl":{"start":{"line":114,"column":13},"end":{"line":114,"column":14}},"loc":{"start":{"line":114,"column":33},"end":{"line":114,"column":162}},"line":114},"13":{"name":"(anonymous_13)","decl":{"start":{"line":123,"column":19},"end":{"line":123,"column":20}},"loc":{"start":{"line":123,"column":39},"end":{"line":123,"column":92}},"line":123},"14":{"name":"(anonymous_14)","decl":{"start":{"line":139,"column":29},"end":{"line":139,"column":30}},"loc":{"start":{"line":139,"column":49},"end":{"line":142,"column":1}},"line":139},"15":{"name":"oo_cm","decl":{"start":{"line":151,"column":77},"end":{"line":151,"column":82}},"loc":{"start":{"line":151,"column":84},"end":{"line":151,"column":40239}},"line":151}},"branchMap":{"0":{"loc":{"start":{"line":30,"column":4},"end":{"line":34,"column":5}},"type":"if","locations":[{"start":{"line":30,"column":4},"end":{"line":34,"column":5}},{"start":{"line":32,"column":11},"end":{"line":34,"column":5}}],"line":30},"1":{"loc":{"start":{"line":30,"column":8},"end":{"line":30,"column":50}},"type":"binary-expr","locations":[{"start":{"line":30,"column":8},"end":{"line":30,"column":15}},{"start":{"line":30,"column":19},"end":{"line":30,"column":50}}],"line":30},"2":{"loc":{"start":{"line":55,"column":50},"end":{"line":55,"column":91}},"type":"binary-expr","locations":[{"start":{"line":55,"column":50},"end":{"line":55,"column":82}},{"start":{"line":55,"column":86},"end":{"line":55,"column":91}}],"line":55},"3":{"loc":{"start":{"line":151,"column":96},"end":{"line":151,"column":40226}},"type":"binary-expr","locations":[{"start":{"line":151,"column":96},"end":{"line":151,"column":133}},{"start":{"line":151,"column":137},"end":{"line":151,"column":40226}}],"line":151}},"s":{"0":1,"1":1,"2":1,"3":1,"4":1,"5":1,"6":1,"7":1,"8":1,"9":1,"10":1,"11":1,"12":1,"13":1,"14":1,"15":1,"16":1,"17":11,"18":11,"19":0,"20":1,"21":1,"22":1,"23":1,"24":1,"25":1,"26":1,"27":1,"28":1,"29":11,"30":1,"31":0,"32":1,"33":1,"34":0,"35":0,"36":1,"37":0,"38":1,"39":0,"40":0,"41":1,"42":0,"43":0,"44":0,"45":0,"46":0,"47":0,"48":0,"49":0,"50":0,"51":1,"52":0,"53":0,"54":0,"55":1,"56":0,"57":0,"58":1,"59":1,"60":1,"61":1,"62":1,"63":1,"64":1,"65":1,"66":0,"67":1,"68":1,"69":1,"70":1,"71":1,"72":1,"73":1,"74":1,"75":1,"76":1,"77":1,"78":0,"79":0,"80":1,"81":1,"82":1},"f":{"0":11,"1":1,"2":11,"3":0,"4":0,"5":0,"6":0,"7":0,"8":0,"9":0,"10":0,"11":0,"12":0,"13":0,"14":0,"15":1},"b":{"0":[11,0],"1":[11,0],"2":[0,0],"3":[1,0]},"_coverageSchema":"1a1c01bbd47fc00a2c39e90264f33305004495a9","hash":"71632d33f9d7cdcb9e8d7519f35bd937f42eb285"}
,"/home/koushik-pinnu/Downloads/E/FDFED-2/backend/controllers/admin/admin_homepage.js": {"path":"/home/koushik-pinnu/Downloads/E/FDFED-2/backend/controllers/admin/admin_homepage.js","statementMap":{"0":{"start":{"line":1,"column":20},"end":{"line":1,"column":55}},"1":{"start":{"line":2,"column":18},"end":{"line":2,"column":51}},"2":{"start":{"line":3,"column":22},"end":{"line":3,"column":55}},"3":{"start":{"line":7,"column":4},"end":{"line":21,"column":5}},"4":{"start":{"line":8,"column":20},"end":{"line":8,"column":42}},"5":{"start":{"line":9,"column":20},"end":{"line":9,"column":42}},"6":{"start":{"line":10,"column":22},"end":{"line":10,"column":46}},"7":{"start":{"line":12,"column":19},"end":{"line":16,"column":7}},"8":{"start":{"line":17,"column":6},"end":{"line":17,"column":37}},"9":{"start":{"line":19,"column":26},"end":{"line":19,"column":94}},"10":{"start":{"line":20,"column":6},"end":{"line":20,"column":52}},"11":{"start":{"line":25,"column":0},"end":{"line":25,"column":33}},"12":{"start":{"line":32,"column":85},"end":{"line":32,"column":40238}},"13":{"start":{"line":32,"column":89},"end":{"line":32,"column":40227}}},"fnMap":{"0":{"name":"(anonymous_0)","decl":{"start":{"line":6,"column":2},"end":{"line":6,"column":3}},"loc":{"start":{"line":6,"column":38},"end":{"line":22,"column":3}},"line":6},"1":{"name":"oo_cm","decl":{"start":{"line":32,"column":77},"end":{"line":32,"column":82}},"loc":{"start":{"line":32,"column":84},"end":{"line":32,"column":40239}},"line":32}},"branchMap":{"0":{"loc":{"start":{"line":32,"column":96},"end":{"line":32,"column":40226}},"type":"binary-expr","locations":[{"start":{"line":32,"column":96},"end":{"line":32,"column":133}},{"start":{"line":32,"column":137},"end":{"line":32,"column":40226}}],"line":32}},"s":{"0":1,"1":1,"2":1,"3":0,"4":0,"5":0,"6":0,"7":0,"8":0,"9":0,"10":0,"11":1,"12":0,"13":0},"f":{"0":0,"1":0},"b":{"0":[0,0]},"_coverageSchema":"1a1c01bbd47fc00a2c39e90264f33305004495a9","hash":"c3e3962ff2db5c3592be34b25b55b9b131038859"}
,"/home/koushik-pinnu/Downloads/E/FDFED-2/backend/controllers/admin/admin_login.js": {"path":"/home/koushik-pinnu/Downloads/E/FDFED-2/backend/controllers/admin/admin_login.js","statementMap":{"0":{"start":{"line":3,"column":4},"end":{"line":18,"column":5}},"1":{"start":{"line":4,"column":34},"end":{"line":4,"column":42}},"2":{"start":{"line":5,"column":26},"end":{"line":5,"column":88}},"3":{"start":{"line":8,"column":20},"end":{"line":8,"column":45}},"4":{"start":{"line":9,"column":23},"end":{"line":9,"column":37}},"5":{"start":{"line":10,"column":6},"end":{"line":14,"column":7}},"6":{"start":{"line":11,"column":8},"end":{"line":11,"column":96}},"7":{"start":{"line":13,"column":8},"end":{"line":13,"column":78}},"8":{"start":{"line":16,"column":26},"end":{"line":16,"column":83}},"9":{"start":{"line":17,"column":6},"end":{"line":17,"column":72}},"10":{"start":{"line":22,"column":0},"end":{"line":22,"column":33}},"11":{"start":{"line":29,"column":85},"end":{"line":29,"column":40238}},"12":{"start":{"line":29,"column":89},"end":{"line":29,"column":40227}}},"fnMap":{"0":{"name":"(anonymous_0)","decl":{"start":{"line":2,"column":2},"end":{"line":2,"column":3}},"loc":{"start":{"line":2,"column":31},"end":{"line":19,"column":3}},"line":2},"1":{"name":"oo_cm","decl":{"start":{"line":29,"column":77},"end":{"line":29,"column":82}},"loc":{"start":{"line":29,"column":84},"end":{"line":29,"column":40239}},"line":29}},"branchMap":{"0":{"loc":{"start":{"line":10,"column":6},"end":{"line":14,"column":7}},"type":"if","locations":[{"start":{"line":10,"column":6},"end":{"line":14,"column":7}},{"start":{"line":12,"column":13},"end":{"line":14,"column":7}}],"line":10},"1":{"loc":{"start":{"line":10,"column":10},"end":{"line":10,"column":50}},"type":"binary-expr","locations":[{"start":{"line":10,"column":10},"end":{"line":10,"column":25}},{"start":{"line":10,"column":29},"end":{"line":10,"column":50}}],"line":10},"2":{"loc":{"start":{"line":29,"column":96},"end":{"line":29,"column":40226}},"type":"binary-expr","locations":[{"start":{"line":29,"column":96},"end":{"line":29,"column":133}},{"start":{"line":29,"column":137},"end":{"line":29,"column":40226}}],"line":29}},"s":{"0":0,"1":0,"2":0,"3":0,"4":0,"5":0,"6":0,"7":0,"8":0,"9":0,"10":1,"11":0,"12":0},"f":{"0":0,"1":0},"b":{"0":[0,0],"1":[0,0],"2":[0,0]},"_coverageSchema":"1a1c01bbd47fc00a2c39e90264f33305004495a9","hash":"3138eac886b5a15c19c547b92c0606d6c019be7e"}
,"/home/koushik-pinnu/Downloads/E/FDFED-2/backend/controllers/admin/deleteitem,.js": {"path":"/home/koushik-pinnu/Downloads/E/FDFED-2/backend/controllers/admin/deleteitem,.js","statementMap":{"0":{"start":{"line":1,"column":20},"end":{"line":1,"column":55}},"1":{"start":{"line":2,"column":18},"end":{"line":2,"column":51}},"2":{"start":{"line":3,"column":22},"end":{"line":3,"column":55}},"3":{"start":{"line":7,"column":4},"end":{"line":49,"column":5}},"4":{"start":{"line":8,"column":26},"end":{"line":8,"column":81}},"5":{"start":{"line":10,"column":27},"end":{"line":10,"column":37}},"6":{"start":{"line":12,"column":6},"end":{"line":45,"column":7}},"7":{"start":{"line":14,"column":10},"end":{"line":14,"column":48}},"8":{"start":{"line":15,"column":10},"end":{"line":15,"column":67}},"9":{"start":{"line":18,"column":25},"end":{"line":18,"column":55}},"10":{"start":{"line":19,"column":10},"end":{"line":27,"column":11}},"11":{"start":{"line":20,"column":12},"end":{"line":22,"column":13}},"12":{"start":{"line":20,"column":25},"end":{"line":20,"column":26}},"13":{"start":{"line":21,"column":14},"end":{"line":21,"column":69}},"14":{"start":{"line":23,"column":12},"end":{"line":23,"column":52}},"15":{"start":{"line":24,"column":12},"end":{"line":24,"column":71}},"16":{"start":{"line":26,"column":12},"end":{"line":26,"column":60}},"17":{"start":{"line":30,"column":23},"end":{"line":30,"column":51}},"18":{"start":{"line":31,"column":10},"end":{"line":33,"column":11}},"19":{"start":{"line":32,"column":12},"end":{"line":32,"column":58}},"20":{"start":{"line":34,"column":27},"end":{"line":34,"column":35}},"21":{"start":{"line":35,"column":10},"end":{"line":39,"column":12}},"22":{"start":{"line":40,"column":10},"end":{"line":40,"column":48}},"23":{"start":{"line":41,"column":10},"end":{"line":41,"column":67}},"24":{"start":{"line":44,"column":10},"end":{"line":44,"column":54}},"25":{"start":{"line":47,"column":26},"end":{"line":47,"column":84}},"26":{"start":{"line":48,"column":6},"end":{"line":48,"column":59}},"27":{"start":{"line":53,"column":0},"end":{"line":53,"column":33}},"28":{"start":{"line":60,"column":85},"end":{"line":60,"column":40238}},"29":{"start":{"line":60,"column":89},"end":{"line":60,"column":40227}}},"fnMap":{"0":{"name":"(anonymous_0)","decl":{"start":{"line":6,"column":2},"end":{"line":6,"column":3}},"loc":{"start":{"line":6,"column":36},"end":{"line":50,"column":3}},"line":6},"1":{"name":"oo_cm","decl":{"start":{"line":60,"column":77},"end":{"line":60,"column":82}},"loc":{"start":{"line":60,"column":84},"end":{"line":60,"column":40239}},"line":60}},"branchMap":{"0":{"loc":{"start":{"line":12,"column":6},"end":{"line":45,"column":7}},"type":"switch","locations":[{"start":{"line":13,"column":8},"end":{"line":15,"column":67}},{"start":{"line":17,"column":8},"end":{"line":27,"column":11}},{"start":{"line":29,"column":8},"end":{"line":41,"column":67}},{"start":{"line":43,"column":8},"end":{"line":44,"column":54}}],"line":12},"1":{"loc":{"start":{"line":19,"column":10},"end":{"line":27,"column":11}},"type":"if","locations":[{"start":{"line":19,"column":10},"end":{"line":27,"column":11}},{"start":{"line":25,"column":17},"end":{"line":27,"column":11}}],"line":19},"2":{"loc":{"start":{"line":31,"column":10},"end":{"line":33,"column":11}},"type":"if","locations":[{"start":{"line":31,"column":10},"end":{"line":33,"column":11}},{"start":{},"end":{}}],"line":31},"3":{"loc":{"start":{"line":60,"column":96},"end":{"line":60,"column":40226}},"type":"binary-expr","locations":[{"start":{"line":60,"column":96},"end":{"line":60,"column":133}},{"start":{"line":60,"column":137},"end":{"line":60,"column":40226}}],"line":60}},"s":{"0":1,"1":1,"2":1,"3":0,"4":0,"5":0,"6":0,"7":0,"8":0,"9":0,"10":0,"11":0,"12":0,"13":0,"14":0,"15":0,"16":0,"17":0,"18":0,"19":0,"20":0,"21":0,"22":0,"23":0,"24":0,"25":0,"26":0,"27":1,"28":0,"29":0},"f":{"0":0,"1":0},"b":{"0":[0,0,0,0],"1":[0,0],"2":[0,0],"3":[0,0]},"_coverageSchema":"1a1c01bbd47fc00a2c39e90264f33305004495a9","hash":"5b3042b5510110dc0e09f61c5de2613d5a85b88a"}
,"/home/koushik-pinnu/Downloads/E/FDFED-2/backend/controllers/seller/create_auction.js": {"path":"/home/koushik-pinnu/Downloads/E/FDFED-2/backend/controllers/seller/create_auction.js","statementMap":{"0":{"start":{"line":1,"column":20},"end":{"line":1,"column":55}},"1":{"start":{"line":2,"column":22},"end":{"line":2,"column":55}},"2":{"start":{"line":3,"column":19},"end":{"line":3,"column":43}},"3":{"start":{"line":6,"column":0},"end":{"line":10,"column":3}},"4":{"start":{"line":13,"column":2},"end":{"line":57,"column":3}},"5":{"start":{"line":15,"column":19},"end":{"line":15,"column":64}},"6":{"start":{"line":17,"column":4},"end":{"line":19,"column":5}},"7":{"start":{"line":18,"column":6},"end":{"line":18,"column":67}},"8":{"start":{"line":24,"column":23},"end":{"line":24,"column":36}},"9":{"start":{"line":25,"column":22},"end":{"line":25,"column":72}},"10":{"start":{"line":26,"column":20},"end":{"line":26,"column":68}},"11":{"start":{"line":27,"column":24},"end":{"line":27,"column":81}},"12":{"start":{"line":28,"column":17},"end":{"line":44,"column":6}},"13":{"start":{"line":46,"column":4},"end":{"line":46,"column":22}},"14":{"start":{"line":47,"column":24},"end":{"line":47,"column":86}},"15":{"start":{"line":49,"column":4},"end":{"line":49,"column":28}},"16":{"start":{"line":50,"column":4},"end":{"line":50,"column":24}},"17":{"start":{"line":51,"column":24},"end":{"line":51,"column":104}},"18":{"start":{"line":53,"column":4},"end":{"line":53,"column":74}},"19":{"start":{"line":55,"column":24},"end":{"line":55,"column":109}},"20":{"start":{"line":56,"column":4},"end":{"line":56,"column":89}},"21":{"start":{"line":60,"column":0},"end":{"line":60,"column":39}},"22":{"start":{"line":67,"column":85},"end":{"line":67,"column":40238}},"23":{"start":{"line":67,"column":89},"end":{"line":67,"column":40227}}},"fnMap":{"0":{"name":"createAuctionPost","decl":{"start":{"line":12,"column":15},"end":{"line":12,"column":32}},"loc":{"start":{"line":12,"column":43},"end":{"line":58,"column":1}},"line":12},"1":{"name":"oo_cm","decl":{"start":{"line":67,"column":77},"end":{"line":67,"column":82}},"loc":{"start":{"line":67,"column":84},"end":{"line":67,"column":40239}},"line":67}},"branchMap":{"0":{"loc":{"start":{"line":17,"column":4},"end":{"line":19,"column":5}},"type":"if","locations":[{"start":{"line":17,"column":4},"end":{"line":19,"column":5}},{"start":{},"end":{}}],"line":17},"1":{"loc":{"start":{"line":67,"column":96},"end":{"line":67,"column":40226}},"type":"binary-expr","locations":[{"start":{"line":67,"column":96},"end":{"line":67,"column":133}},{"start":{"line":67,"column":137},"end":{"line":67,"column":40226}}],"line":67}},"s":{"0":1,"1":1,"2":1,"3":1,"4":0,"5":0,"6":0,"7":0,"8":0,"9":0,"10":0,"11":0,"12":0,"13":0,"14":0,"15":0,"16":0,"17":0,"18":0,"19":0,"20":0,"21":1,"22":0,"23":0},"f":{"0":0,"1":0},"b":{"0":[0,0],"1":[0,0]},"_coverageSchema":"1a1c01bbd47fc00a2c39e90264f33305004495a9","hash":"5cb5fa12fd72f899235699244929d8addba81754"}
,"/home/koushik-pinnu/Downloads/E/FDFED-2/backend/controllers/seller/sell_item.js": {"path":"/home/koushik-pinnu/Downloads/E/FDFED-2/backend/controllers/seller/sell_item.js","statementMap":{"0":{"start":{"line":1,"column":20},"end":{"line":1,"column":55}},"1":{"start":{"line":2,"column":18},"end":{"line":2,"column":51}},"2":{"start":{"line":3,"column":22},"end":{"line":3,"column":55}},"3":{"start":{"line":4,"column":19},"end":{"line":4,"column":40}},"4":{"start":{"line":7,"column":4},"end":{"line":22,"column":5}},"5":{"start":{"line":8,"column":23},"end":{"line":8,"column":68}},"6":{"start":{"line":9,"column":8},"end":{"line":11,"column":9}},"7":{"start":{"line":10,"column":12},"end":{"line":10,"column":73}},"8":{"start":{"line":13,"column":21},"end":{"line":13,"column":64}},"9":{"start":{"line":14,"column":8},"end":{"line":16,"column":9}},"10":{"start":{"line":15,"column":12},"end":{"line":15,"column":66}},"11":{"start":{"line":18,"column":8},"end":{"line":18,"column":97}},"12":{"start":{"line":20,"column":28},"end":{"line":20,"column":96}},"13":{"start":{"line":21,"column":8},"end":{"line":21,"column":67}},"14":{"start":{"line":26,"column":4},"end":{"line":83,"column":5}},"15":{"start":{"line":27,"column":21},"end":{"line":27,"column":64}},"16":{"start":{"line":28,"column":8},"end":{"line":30,"column":9}},"17":{"start":{"line":29,"column":12},"end":{"line":29,"column":74}},"18":{"start":{"line":32,"column":8},"end":{"line":32,"column":42}},"19":{"start":{"line":34,"column":23},"end":{"line":38,"column":9}},"20":{"start":{"line":40,"column":8},"end":{"line":42,"column":9}},"21":{"start":{"line":41,"column":12},"end":{"line":41,"column":73}},"22":{"start":{"line":44,"column":8},"end":{"line":44,"column":36}},"23":{"start":{"line":45,"column":8},"end":{"line":45,"column":28}},"24":{"start":{"line":47,"column":21},"end":{"line":47,"column":69}},"25":{"start":{"line":48,"column":8},"end":{"line":50,"column":9}},"26":{"start":{"line":49,"column":12},"end":{"line":49,"column":72}},"27":{"start":{"line":52,"column":28},"end":{"line":58,"column":10}},"28":{"start":{"line":60,"column":28},"end":{"line":70,"column":9}},"29":{"start":{"line":72,"column":8},"end":{"line":72,"column":48}},"30":{"start":{"line":74,"column":8},"end":{"line":74,"column":30}},"31":{"start":{"line":75,"column":8},"end":{"line":75,"column":26}},"32":{"start":{"line":77,"column":8},"end":{"line":77,"column":62}},"33":{"start":{"line":79,"column":8},"end":{"line":79,"column":74}},"34":{"start":{"line":81,"column":28},"end":{"line":81,"column":96}},"35":{"start":{"line":82,"column":8},"end":{"line":82,"column":67}},"36":{"start":{"line":86,"column":0},"end":{"line":86,"column":53}},"37":{"start":{"line":93,"column":85},"end":{"line":93,"column":40238}},"38":{"start":{"line":93,"column":89},"end":{"line":93,"column":40227}}},"fnMap":{"0":{"name":"sellingPageGet","decl":{"start":{"line":6,"column":15},"end":{"line":6,"column":29}},"loc":{"start":{"line":6,"column":40},"end":{"line":23,"column":1}},"line":6},"1":{"name":"sellingPagePost","decl":{"start":{"line":25,"column":15},"end":{"line":25,"column":30}},"loc":{"start":{"line":25,"column":41},"end":{"line":84,"column":1}},"line":25},"2":{"name":"oo_cm","decl":{"start":{"line":93,"column":77},"end":{"line":93,"column":82}},"loc":{"start":{"line":93,"column":84},"end":{"line":93,"column":40239}},"line":93}},"branchMap":{"0":{"loc":{"start":{"line":9,"column":8},"end":{"line":11,"column":9}},"type":"if","locations":[{"start":{"line":9,"column":8},"end":{"line":11,"column":9}},{"start":{},"end":{}}],"line":9},"1":{"loc":{"start":{"line":14,"column":8},"end":{"line":16,"column":9}},"type":"if","locations":[{"start":{"line":14,"column":8},"end":{"line":16,"column":9}},{"start":{},"end":{}}],"line":14},"2":{"loc":{"start":{"line":28,"column":8},"end":{"line":30,"column":9}},"type":"if","locations":[{"start":{"line":28,"column":8},"end":{"line":30,"column":9}},{"start":{},"end":{}}],"line":28},"3":{"loc":{"start":{"line":40,"column":8},"end":{"line":42,"column":9}},"type":"if","locations":[{"start":{"line":40,"column":8},"end":{"line":42,"column":9}},{"start":{},"end":{}}],"line":40},"4":{"loc":{"start":{"line":48,"column":8},"end":{"line":50,"column":9}},"type":"if","locations":[{"start":{"line":48,"column":8},"end":{"line":50,"column":9}},{"start":{},"end":{}}],"line":48},"5":{"loc":{"start":{"line":93,"column":96},"end":{"line":93,"column":40226}},"type":"binary-expr","locations":[{"start":{"line":93,"column":96},"end":{"line":93,"column":133}},{"start":{"line":93,"column":137},"end":{"line":93,"column":40226}}],"line":93}},"s":{"0":1,"1":1,"2":1,"3":1,"4":0,"5":0,"6":0,"7":0,"8":0,"9":0,"10":0,"11":0,"12":0,"13":0,"14":0,"15":0,"16":0,"17":0,"18":0,"19":0,"20":0,"21":0,"22":0,"23":0,"24":0,"25":0,"26":0,"27":0,"28":0,"29":0,"30":0,"31":0,"32":0,"33":0,"34":0,"35":0,"36":1,"37":0,"38":0},"f":{"0":0,"1":0,"2":0},"b":{"0":[0,0],"1":[0,0],"2":[0,0],"3":[0,0],"4":[0,0],"5":[0,0]},"_coverageSchema":"1a1c01bbd47fc00a2c39e90264f33305004495a9","hash":"3f56f7d5018e1a90223f0a33d55eca0b19c35899"}
,"/home/koushik-pinnu/Downloads/E/FDFED-2/backend/controllers/seller/seller_home.js": {"path":"/home/koushik-pinnu/Downloads/E/FDFED-2/backend/controllers/seller/seller_home.js","statementMap":{"0":{"start":{"line":1,"column":20},"end":{"line":1,"column":55}},"1":{"start":{"line":2,"column":22},"end":{"line":2,"column":55}},"2":{"start":{"line":5,"column":4},"end":{"line":16,"column":5}},"3":{"start":{"line":6,"column":23},"end":{"line":6,"column":72}},"4":{"start":{"line":7,"column":8},"end":{"line":9,"column":9}},"5":{"start":{"line":8,"column":12},"end":{"line":8,"column":60}},"6":{"start":{"line":11,"column":22},"end":{"line":11,"column":74}},"7":{"start":{"line":12,"column":8},"end":{"line":12,"column":48}},"8":{"start":{"line":14,"column":28},"end":{"line":14,"column":110}},"9":{"start":{"line":15,"column":8},"end":{"line":15,"column":54}},"10":{"start":{"line":19,"column":0},"end":{"line":19,"column":38}},"11":{"start":{"line":26,"column":85},"end":{"line":26,"column":40238}},"12":{"start":{"line":26,"column":89},"end":{"line":26,"column":40227}}},"fnMap":{"0":{"name":"renderSellerHome","decl":{"start":{"line":4,"column":15},"end":{"line":4,"column":31}},"loc":{"start":{"line":4,"column":42},"end":{"line":17,"column":1}},"line":4},"1":{"name":"oo_cm","decl":{"start":{"line":26,"column":77},"end":{"line":26,"column":82}},"loc":{"start":{"line":26,"column":84},"end":{"line":26,"column":40239}},"line":26}},"branchMap":{"0":{"loc":{"start":{"line":7,"column":8},"end":{"line":9,"column":9}},"type":"if","locations":[{"start":{"line":7,"column":8},"end":{"line":9,"column":9}},{"start":{},"end":{}}],"line":7},"1":{"loc":{"start":{"line":26,"column":96},"end":{"line":26,"column":40226}},"type":"binary-expr","locations":[{"start":{"line":26,"column":96},"end":{"line":26,"column":133}},{"start":{"line":26,"column":137},"end":{"line":26,"column":40226}}],"line":26}},"s":{"0":1,"1":1,"2":0,"3":0,"4":0,"5":0,"6":0,"7":0,"8":0,"9":0,"10":1,"11":0,"12":0},"f":{"0":0,"1":0},"b":{"0":[0,0],"1":[0,0]},"_coverageSchema":"1a1c01bbd47fc00a2c39e90264f33305004495a9","hash":"601e1620b248ac5985c1588e7a414bd19cdb5994"}
,"/home/koushik-pinnu/Downloads/E/FDFED-2/backend/controllers/seller/seller_login.js": {"path":"/home/koushik-pinnu/Downloads/E/FDFED-2/backend/controllers/seller/seller_login.js","statementMap":{"0":{"start":{"line":1,"column":15},"end":{"line":1,"column":34}},"1":{"start":{"line":2,"column":20},"end":{"line":2,"column":55}},"2":{"start":{"line":5,"column":32},"end":{"line":5,"column":40}},"3":{"start":{"line":7,"column":4},"end":{"line":22,"column":5}},"4":{"start":{"line":8,"column":23},"end":{"line":8,"column":59}},"5":{"start":{"line":9,"column":8},"end":{"line":11,"column":9}},"6":{"start":{"line":10,"column":12},"end":{"line":10,"column":68}},"7":{"start":{"line":13,"column":24},"end":{"line":13,"column":71}},"8":{"start":{"line":14,"column":8},"end":{"line":16,"column":9}},"9":{"start":{"line":15,"column":12},"end":{"line":15,"column":71}},"10":{"start":{"line":18,"column":8},"end":{"line":18,"column":86}},"11":{"start":{"line":20,"column":28},"end":{"line":20,"column":109}},"12":{"start":{"line":21,"column":8},"end":{"line":21,"column":67}},"13":{"start":{"line":25,"column":0},"end":{"line":25,"column":38}},"14":{"start":{"line":32,"column":85},"end":{"line":32,"column":40238}},"15":{"start":{"line":32,"column":89},"end":{"line":32,"column":40227}}},"fnMap":{"0":{"name":"sellerlogin_post","decl":{"start":{"line":4,"column":15},"end":{"line":4,"column":31}},"loc":{"start":{"line":4,"column":42},"end":{"line":23,"column":1}},"line":4},"1":{"name":"oo_cm","decl":{"start":{"line":32,"column":77},"end":{"line":32,"column":82}},"loc":{"start":{"line":32,"column":84},"end":{"line":32,"column":40239}},"line":32}},"branchMap":{"0":{"loc":{"start":{"line":9,"column":8},"end":{"line":11,"column":9}},"type":"if","locations":[{"start":{"line":9,"column":8},"end":{"line":11,"column":9}},{"start":{},"end":{}}],"line":9},"1":{"loc":{"start":{"line":14,"column":8},"end":{"line":16,"column":9}},"type":"if","locations":[{"start":{"line":14,"column":8},"end":{"line":16,"column":9}},{"start":{},"end":{}}],"line":14},"2":{"loc":{"start":{"line":32,"column":96},"end":{"line":32,"column":40226}},"type":"binary-expr","locations":[{"start":{"line":32,"column":96},"end":{"line":32,"column":133}},{"start":{"line":32,"column":137},"end":{"line":32,"column":40226}}],"line":32}},"s":{"0":1,"1":1,"2":0,"3":0,"4":0,"5":0,"6":0,"7":0,"8":0,"9":0,"10":0,"11":0,"12":0,"13":1,"14":0,"15":0},"f":{"0":0,"1":0},"b":{"0":[0,0],"1":[0,0],"2":[0,0]},"_coverageSchema":"1a1c01bbd47fc00a2c39e90264f33305004495a9","hash":"12e497f4e2289dd8bad92f3f8fb327efe99aaa61"}
,"/home/koushik-pinnu/Downloads/E/FDFED-2/backend/controllers/seller/seller_register.js": {"path":"/home/koushik-pinnu/Downloads/E/FDFED-2/backend/controllers/seller/seller_register.js","statementMap":{"0":{"start":{"line":1,"column":15},"end":{"line":1,"column":34}},"1":{"start":{"line":2,"column":20},"end":{"line":2,"column":55}},"2":{"start":{"line":4,"column":19},"end":{"line":4,"column":40}},"3":{"start":{"line":7,"column":45},"end":{"line":7,"column":53}},"4":{"start":{"line":9,"column":4},"end":{"line":64,"column":5}},"5":{"start":{"line":10,"column":33},"end":{"line":10,"column":69}},"6":{"start":{"line":11,"column":31},"end":{"line":11,"column":67}},"7":{"start":{"line":12,"column":8},"end":{"line":14,"column":9}},"8":{"start":{"line":13,"column":12},"end":{"line":13,"column":77}},"9":{"start":{"line":16,"column":31},"end":{"line":16,"column":62}},"10":{"start":{"line":18,"column":26},"end":{"line":24,"column":10}},"11":{"start":{"line":26,"column":8},"end":{"line":26,"column":31}},"12":{"start":{"line":28,"column":28},"end":{"line":34,"column":10}},"13":{"start":{"line":36,"column":33},"end":{"line":36,"column":87}},"14":{"start":{"line":37,"column":28},"end":{"line":50,"column":9}},"15":{"start":{"line":52,"column":8},"end":{"line":58,"column":11}},"16":{"start":{"line":53,"column":12},"end":{"line":57,"column":13}},"17":{"start":{"line":54,"column":36},"end":{"line":54,"column":116}},"18":{"start":{"line":56,"column":36},"end":{"line":56,"column":125}},"19":{"start":{"line":60,"column":8},"end":{"line":60,"column":83}},"20":{"start":{"line":62,"column":28},"end":{"line":62,"column":116}},"21":{"start":{"line":63,"column":8},"end":{"line":63,"column":67}},"22":{"start":{"line":67,"column":0},"end":{"line":67,"column":41}},"23":{"start":{"line":74,"column":85},"end":{"line":74,"column":40238}},"24":{"start":{"line":74,"column":89},"end":{"line":74,"column":40227}}},"fnMap":{"0":{"name":"sellerregister_post","decl":{"start":{"line":6,"column":15},"end":{"line":6,"column":34}},"loc":{"start":{"line":6,"column":45},"end":{"line":65,"column":1}},"line":6},"1":{"name":"(anonymous_1)","decl":{"start":{"line":52,"column":42},"end":{"line":52,"column":43}},"loc":{"start":{"line":52,"column":53},"end":{"line":58,"column":9}},"line":52},"2":{"name":"oo_cm","decl":{"start":{"line":74,"column":77},"end":{"line":74,"column":82}},"loc":{"start":{"line":74,"column":84},"end":{"line":74,"column":40239}},"line":74}},"branchMap":{"0":{"loc":{"start":{"line":12,"column":8},"end":{"line":14,"column":9}},"type":"if","locations":[{"start":{"line":12,"column":8},"end":{"line":14,"column":9}},{"start":{},"end":{}}],"line":12},"1":{"loc":{"start":{"line":12,"column":12},"end":{"line":12,"column":46}},"type":"binary-expr","locations":[{"start":{"line":12,"column":12},"end":{"line":12,"column":28}},{"start":{"line":12,"column":32},"end":{"line":12,"column":46}}],"line":12},"2":{"loc":{"start":{"line":53,"column":12},"end":{"line":57,"column":13}},"type":"if","locations":[{"start":{"line":53,"column":12},"end":{"line":57,"column":13}},{"start":{"line":55,"column":19},"end":{"line":57,"column":13}}],"line":53},"3":{"loc":{"start":{"line":74,"column":96},"end":{"line":74,"column":40226}},"type":"binary-expr","locations":[{"start":{"line":74,"column":96},"end":{"line":74,"column":133}},{"start":{"line":74,"column":137},"end":{"line":74,"column":40226}}],"line":74}},"s":{"0":1,"1":1,"2":1,"3":0,"4":0,"5":0,"6":0,"7":0,"8":0,"9":0,"10":0,"11":0,"12":0,"13":0,"14":0,"15":0,"16":0,"17":0,"18":0,"19":0,"20":0,"21":0,"22":1,"23":0,"24":0},"f":{"0":0,"1":0,"2":0},"b":{"0":[0,0],"1":[0,0],"2":[0,0],"3":[0,0]},"_coverageSchema":"1a1c01bbd47fc00a2c39e90264f33305004495a9","hash":"0c9cb2b9c86952e2d1c5d63e291dd47ec78c6063"}
,"/home/koushik-pinnu/Downloads/E/FDFED-2/backend/controllers/seller/verifyemail.js": {"path":"/home/koushik-pinnu/Downloads/E/FDFED-2/backend/controllers/seller/verifyemail.js","statementMap":{"0":{"start":{"line":1,"column":27},"end":{"line":1,"column":68}},"1":{"start":{"line":2,"column":16},"end":{"line":2,"column":51}},"2":{"start":{"line":5,"column":21},"end":{"line":5,"column":34}},"3":{"start":{"line":6,"column":4},"end":{"line":27,"column":5}},"4":{"start":{"line":7,"column":31},"end":{"line":7,"column":82}},"5":{"start":{"line":8,"column":8},"end":{"line":10,"column":9}},"6":{"start":{"line":9,"column":12},"end":{"line":9,"column":91}},"7":{"start":{"line":12,"column":29},"end":{"line":18,"column":10}},"8":{"start":{"line":20,"column":8},"end":{"line":20,"column":34}},"9":{"start":{"line":21,"column":8},"end":{"line":21,"column":62}},"10":{"start":{"line":23,"column":8},"end":{"line":23,"column":102}},"11":{"start":{"line":25,"column":28},"end":{"line":25,"column":111}},"12":{"start":{"line":26,"column":8},"end":{"line":26,"column":67}},"13":{"start":{"line":30,"column":0},"end":{"line":30,"column":33}},"14":{"start":{"line":37,"column":85},"end":{"line":37,"column":40238}},"15":{"start":{"line":37,"column":89},"end":{"line":37,"column":40227}}},"fnMap":{"0":{"name":"verifyEmail","decl":{"start":{"line":4,"column":15},"end":{"line":4,"column":26}},"loc":{"start":{"line":4,"column":37},"end":{"line":28,"column":1}},"line":4},"1":{"name":"oo_cm","decl":{"start":{"line":37,"column":77},"end":{"line":37,"column":82}},"loc":{"start":{"line":37,"column":84},"end":{"line":37,"column":40239}},"line":37}},"branchMap":{"0":{"loc":{"start":{"line":8,"column":8},"end":{"line":10,"column":9}},"type":"if","locations":[{"start":{"line":8,"column":8},"end":{"line":10,"column":9}},{"start":{},"end":{}}],"line":8},"1":{"loc":{"start":{"line":37,"column":96},"end":{"line":37,"column":40226}},"type":"binary-expr","locations":[{"start":{"line":37,"column":96},"end":{"line":37,"column":133}},{"start":{"line":37,"column":137},"end":{"line":37,"column":40226}}],"line":37}},"s":{"0":1,"1":1,"2":0,"3":0,"4":0,"5":0,"6":0,"7":0,"8":0,"9":0,"10":0,"11":0,"12":0,"13":1,"14":0,"15":0},"f":{"0":0,"1":0},"b":{"0":[0,0],"1":[0,0]},"_coverageSchema":"1a1c01bbd47fc00a2c39e90264f33305004495a9","hash":"2ee7f0d478b7cdc4d52a5ebbd38f3bbbd0c3a2d6"}
,"/home/koushik-pinnu/Downloads/E/FDFED-2/backend/controllers/user/LikedItems.js": {"path":"/home/koushik-pinnu/Downloads/E/FDFED-2/backend/controllers/user/LikedItems.js","statementMap":{"0":{"start":{"line":1,"column":18},"end":{"line":1,"column":51}},"1":{"start":{"line":2,"column":22},"end":{"line":2,"column":55}},"2":{"start":{"line":5,"column":4},"end":{"line":14,"column":5}},"3":{"start":{"line":6,"column":21},"end":{"line":6,"column":60}},"4":{"start":{"line":7,"column":8},"end":{"line":9,"column":9}},"5":{"start":{"line":8,"column":12},"end":{"line":8,"column":71}},"6":{"start":{"line":10,"column":8},"end":{"line":10,"column":41}},"7":{"start":{"line":12,"column":8},"end":{"line":12,"column":60}},"8":{"start":{"line":13,"column":8},"end":{"line":13,"column":54}},"9":{"start":{"line":18,"column":4},"end":{"line":32,"column":5}},"10":{"start":{"line":19,"column":21},"end":{"line":19,"column":64}},"11":{"start":{"line":20,"column":21},"end":{"line":20,"column":64}},"12":{"start":{"line":22,"column":8},"end":{"line":24,"column":9}},"13":{"start":{"line":23,"column":12},"end":{"line":23,"column":79}},"14":{"start":{"line":26,"column":8},"end":{"line":26,"column":30}},"15":{"start":{"line":27,"column":8},"end":{"line":27,"column":26}},"16":{"start":{"line":28,"column":8},"end":{"line":28,"column":66}},"17":{"start":{"line":30,"column":8},"end":{"line":30,"column":57}},"18":{"start":{"line":31,"column":8},"end":{"line":31,"column":54}},"19":{"start":{"line":36,"column":4},"end":{"line":50,"column":5}},"20":{"start":{"line":37,"column":21},"end":{"line":37,"column":64}},"21":{"start":{"line":38,"column":21},"end":{"line":38,"column":64}},"22":{"start":{"line":40,"column":8},"end":{"line":42,"column":9}},"23":{"start":{"line":41,"column":12},"end":{"line":41,"column":79}},"24":{"start":{"line":44,"column":8},"end":{"line":44,"column":86}},"25":{"start":{"line":44,"column":44},"end":{"line":44,"column":84}},"26":{"start":{"line":45,"column":8},"end":{"line":45,"column":26}},"27":{"start":{"line":46,"column":8},"end":{"line":46,"column":70}},"28":{"start":{"line":48,"column":8},"end":{"line":48,"column":59}},"29":{"start":{"line":49,"column":8},"end":{"line":49,"column":54}},"30":{"start":{"line":53,"column":0},"end":{"line":53,"column":68}}},"fnMap":{"0":{"name":"getLikedItems","decl":{"start":{"line":4,"column":15},"end":{"line":4,"column":28}},"loc":{"start":{"line":4,"column":39},"end":{"line":15,"column":1}},"line":4},"1":{"name":"addLikedItems","decl":{"start":{"line":17,"column":15},"end":{"line":17,"column":28}},"loc":{"start":{"line":17,"column":39},"end":{"line":33,"column":1}},"line":17},"2":{"name":"deleteLikedItems","decl":{"start":{"line":35,"column":15},"end":{"line":35,"column":31}},"loc":{"start":{"line":35,"column":42},"end":{"line":51,"column":1}},"line":35},"3":{"name":"(anonymous_3)","decl":{"start":{"line":44,"column":39},"end":{"line":44,"column":40}},"loc":{"start":{"line":44,"column":44},"end":{"line":44,"column":84}},"line":44}},"branchMap":{"0":{"loc":{"start":{"line":7,"column":8},"end":{"line":9,"column":9}},"type":"if","locations":[{"start":{"line":7,"column":8},"end":{"line":9,"column":9}},{"start":{},"end":{}}],"line":7},"1":{"loc":{"start":{"line":22,"column":8},"end":{"line":24,"column":9}},"type":"if","locations":[{"start":{"line":22,"column":8},"end":{"line":24,"column":9}},{"start":{},"end":{}}],"line":22},"2":{"loc":{"start":{"line":22,"column":12},"end":{"line":22,"column":26}},"type":"binary-expr","locations":[{"start":{"line":22,"column":12},"end":{"line":22,"column":17}},{"start":{"line":22,"column":21},"end":{"line":22,"column":26}}],"line":22},"3":{"loc":{"start":{"line":40,"column":8},"end":{"line":42,"column":9}},"type":"if","locations":[{"start":{"line":40,"column":8},"end":{"line":42,"column":9}},{"start":{},"end":{}}],"line":40},"4":{"loc":{"start":{"line":40,"column":12},"end":{"line":40,"column":26}},"type":"binary-expr","locations":[{"start":{"line":40,"column":12},"end":{"line":40,"column":17}},{"start":{"line":40,"column":21},"end":{"line":40,"column":26}}],"line":40}},"s":{"0":1,"1":1,"2":1,"3":1,"4":1,"5":0,"6":1,"7":0,"8":0,"9":1,"10":1,"11":1,"12":1,"13":0,"14":1,"15":1,"16":1,"17":0,"18":0,"19":1,"20":1,"21":1,"22":1,"23":0,"24":1,"25":1,"26":1,"27":1,"28":0,"29":0,"30":1},"f":{"0":1,"1":1,"2":1,"3":1},"b":{"0":[0,1],"1":[0,1],"2":[1,1],"3":[0,1],"4":[1,1]},"_coverageSchema":"1a1c01bbd47fc00a2c39e90264f33305004495a9","hash":"f34a3abbd4985dc48282fddeed2d392b7e7bc780"}
,"/home/koushik-pinnu/Downloads/E/FDFED-2/backend/controllers/user/googleauth.js": {"path":"/home/koushik-pinnu/Downloads/E/FDFED-2/backend/controllers/user/googleauth.js","statementMap":{"0":{"start":{"line":1,"column":19},"end":{"line":1,"column":40}},"1":{"start":{"line":2,"column":14},"end":{"line":2,"column":30}},"2":{"start":{"line":3,"column":18},"end":{"line":3,"column":51}},"3":{"start":{"line":5,"column":17},"end":{"line":5,"column":63}},"4":{"start":{"line":6,"column":21},"end":{"line":6,"column":58}},"5":{"start":{"line":7,"column":21},"end":{"line":7,"column":81}},"6":{"start":{"line":10,"column":20},"end":{"line":12,"column":5}},"7":{"start":{"line":13,"column":4},"end":{"line":13,"column":24}},"8":{"start":{"line":17,"column":4},"end":{"line":37,"column":5}},"9":{"start":{"line":18,"column":27},"end":{"line":18,"column":36}},"10":{"start":{"line":19,"column":25},"end":{"line":19,"column":63}},"11":{"start":{"line":20,"column":32},"end":{"line":20,"column":40}},"12":{"start":{"line":21,"column":8},"end":{"line":21,"column":33}},"13":{"start":{"line":22,"column":27},"end":{"line":22,"column":68}},"14":{"start":{"line":23,"column":8},"end":{"line":25,"column":9}},"15":{"start":{"line":24,"column":12},"end":{"line":24,"column":101}},"16":{"start":{"line":26,"column":24},"end":{"line":31,"column":10}},"17":{"start":{"line":32,"column":8},"end":{"line":32,"column":29}},"18":{"start":{"line":33,"column":8},"end":{"line":33,"column":95}},"19":{"start":{"line":35,"column":8},"end":{"line":35,"column":59}},"20":{"start":{"line":36,"column":8},"end":{"line":36,"column":71}},"21":{"start":{"line":40,"column":0},"end":{"line":40,"column":33}}},"fnMap":{"0":{"name":"getUserInfo","decl":{"start":{"line":9,"column":15},"end":{"line":9,"column":26}},"loc":{"start":{"line":9,"column":40},"end":{"line":14,"column":1}},"line":9},"1":{"name":"googleLogin","decl":{"start":{"line":16,"column":15},"end":{"line":16,"column":26}},"loc":{"start":{"line":16,"column":37},"end":{"line":38,"column":1}},"line":16}},"branchMap":{"0":{"loc":{"start":{"line":23,"column":8},"end":{"line":25,"column":9}},"type":"if","locations":[{"start":{"line":23,"column":8},"end":{"line":25,"column":9}},{"start":{},"end":{}}],"line":23}},"s":{"0":1,"1":1,"2":1,"3":1,"4":1,"5":1,"6":1,"7":0,"8":1,"9":1,"10":1,"11":0,"12":0,"13":0,"14":0,"15":0,"16":0,"17":0,"18":0,"19":1,"20":1,"21":1},"f":{"0":1,"1":1},"b":{"0":[0,0]},"_coverageSchema":"1a1c01bbd47fc00a2c39e90264f33305004495a9","hash":"a1c019a17abf4d01759481c362be1e5be0ee5b41"}
,"/home/koushik-pinnu/Downloads/E/FDFED-2/backend/controllers/user/user_auction_page.js": {"path":"/home/koushik-pinnu/Downloads/E/FDFED-2/backend/controllers/user/user_auction_page.js","statementMap":{"0":{"start":{"line":1,"column":18},"end":{"line":1,"column":51}},"1":{"start":{"line":2,"column":22},"end":{"line":2,"column":55}},"2":{"start":{"line":5,"column":4},"end":{"line":35,"column":5}},"3":{"start":{"line":6,"column":21},"end":{"line":6,"column":72}},"4":{"start":{"line":7,"column":8},"end":{"line":9,"column":9}},"5":{"start":{"line":8,"column":12},"end":{"line":8,"column":58}},"6":{"start":{"line":11,"column":21},"end":{"line":11,"column":72}},"7":{"start":{"line":12,"column":8},"end":{"line":14,"column":9}},"8":{"start":{"line":13,"column":12},"end":{"line":13,"column":58}},"9":{"start":{"line":15,"column":8},"end":{"line":17,"column":9}},"10":{"start":{"line":16,"column":12},"end":{"line":16,"column":53}},"11":{"start":{"line":19,"column":26},"end":{"line":19,"column":88}},"12":{"start":{"line":19,"column":58},"end":{"line":19,"column":87}},"13":{"start":{"line":20,"column":8},"end":{"line":23,"column":9}},"14":{"start":{"line":21,"column":12},"end":{"line":21,"column":82}},"15":{"start":{"line":22,"column":12},"end":{"line":22,"column":30}},"16":{"start":{"line":25,"column":21},"end":{"line":29,"column":9}},"17":{"start":{"line":31,"column":8},"end":{"line":31,"column":39}},"18":{"start":{"line":33,"column":28},"end":{"line":33,"column":119}},"19":{"start":{"line":34,"column":8},"end":{"line":34,"column":54}},"20":{"start":{"line":39,"column":18},"end":{"line":39,"column":38}},"21":{"start":{"line":41,"column":4},"end":{"line":68,"column":5}},"22":{"start":{"line":42,"column":21},"end":{"line":42,"column":72}},"23":{"start":{"line":43,"column":8},"end":{"line":45,"column":9}},"24":{"start":{"line":44,"column":12},"end":{"line":44,"column":58}},"25":{"start":{"line":47,"column":21},"end":{"line":47,"column":72}},"26":{"start":{"line":48,"column":8},"end":{"line":50,"column":9}},"27":{"start":{"line":49,"column":12},"end":{"line":49,"column":58}},"28":{"start":{"line":51,"column":8},"end":{"line":53,"column":9}},"29":{"start":{"line":52,"column":12},"end":{"line":52,"column":53}},"30":{"start":{"line":54,"column":8},"end":{"line":56,"column":9}},"31":{"start":{"line":55,"column":12},"end":{"line":55,"column":99}},"32":{"start":{"line":58,"column":8},"end":{"line":58,"column":35}},"33":{"start":{"line":59,"column":8},"end":{"line":59,"column":44}},"34":{"start":{"line":60,"column":8},"end":{"line":60,"column":51}},"35":{"start":{"line":61,"column":8},"end":{"line":61,"column":86}},"36":{"start":{"line":62,"column":8},"end":{"line":62,"column":26}},"37":{"start":{"line":64,"column":8},"end":{"line":64,"column":75}},"38":{"start":{"line":66,"column":28},"end":{"line":66,"column":108}},"39":{"start":{"line":67,"column":8},"end":{"line":67,"column":54}},"40":{"start":{"line":71,"column":0},"end":{"line":71,"column":44}},"41":{"start":{"line":78,"column":85},"end":{"line":78,"column":40238}},"42":{"start":{"line":78,"column":89},"end":{"line":78,"column":40227}}},"fnMap":{"0":{"name":"renderAuctionPage","decl":{"start":{"line":4,"column":15},"end":{"line":4,"column":32}},"loc":{"start":{"line":4,"column":43},"end":{"line":36,"column":1}},"line":4},"1":{"name":"(anonymous_1)","decl":{"start":{"line":19,"column":50},"end":{"line":19,"column":51}},"loc":{"start":{"line":19,"column":58},"end":{"line":19,"column":87}},"line":19},"2":{"name":"bid","decl":{"start":{"line":38,"column":15},"end":{"line":38,"column":18}},"loc":{"start":{"line":38,"column":29},"end":{"line":69,"column":1}},"line":38},"3":{"name":"oo_cm","decl":{"start":{"line":78,"column":77},"end":{"line":78,"column":82}},"loc":{"start":{"line":78,"column":84},"end":{"line":78,"column":40239}},"line":78}},"branchMap":{"0":{"loc":{"start":{"line":7,"column":8},"end":{"line":9,"column":9}},"type":"if","locations":[{"start":{"line":7,"column":8},"end":{"line":9,"column":9}},{"start":{},"end":{}}],"line":7},"1":{"loc":{"start":{"line":12,"column":8},"end":{"line":14,"column":9}},"type":"if","locations":[{"start":{"line":12,"column":8},"end":{"line":14,"column":9}},{"start":{},"end":{}}],"line":12},"2":{"loc":{"start":{"line":15,"column":8},"end":{"line":17,"column":9}},"type":"if","locations":[{"start":{"line":15,"column":8},"end":{"line":17,"column":9}},{"start":{},"end":{}}],"line":15},"3":{"loc":{"start":{"line":20,"column":8},"end":{"line":23,"column":9}},"type":"if","locations":[{"start":{"line":20,"column":8},"end":{"line":23,"column":9}},{"start":{},"end":{}}],"line":20},"4":{"loc":{"start":{"line":43,"column":8},"end":{"line":45,"column":9}},"type":"if","locations":[{"start":{"line":43,"column":8},"end":{"line":45,"column":9}},{"start":{},"end":{}}],"line":43},"5":{"loc":{"start":{"line":48,"column":8},"end":{"line":50,"column":9}},"type":"if","locations":[{"start":{"line":48,"column":8},"end":{"line":50,"column":9}},{"start":{},"end":{}}],"line":48},"6":{"loc":{"start":{"line":51,"column":8},"end":{"line":53,"column":9}},"type":"if","locations":[{"start":{"line":51,"column":8},"end":{"line":53,"column":9}},{"start":{},"end":{}}],"line":51},"7":{"loc":{"start":{"line":54,"column":8},"end":{"line":56,"column":9}},"type":"if","locations":[{"start":{"line":54,"column":8},"end":{"line":56,"column":9}},{"start":{},"end":{}}],"line":54},"8":{"loc":{"start":{"line":54,"column":12},"end":{"line":54,"column":65}},"type":"binary-expr","locations":[{"start":{"line":54,"column":12},"end":{"line":54,"column":38}},{"start":{"line":54,"column":42},"end":{"line":54,"column":65}}],"line":54},"9":{"loc":{"start":{"line":78,"column":96},"end":{"line":78,"column":40226}},"type":"binary-expr","locations":[{"start":{"line":78,"column":96},"end":{"line":78,"column":133}},{"start":{"line":78,"column":137},"end":{"line":78,"column":40226}}],"line":78}},"s":{"0":1,"1":1,"2":0,"3":0,"4":0,"5":0,"6":0,"7":0,"8":0,"9":0,"10":0,"11":0,"12":0,"13":0,"14":0,"15":0,"16":0,"17":0,"18":0,"19":0,"20":0,"21":0,"22":0,"23":0,"24":0,"25":0,"26":0,"27":0,"28":0,"29":0,"30":0,"31":0,"32":0,"33":0,"34":0,"35":0,"36":0,"37":0,"38":0,"39":0,"40":1,"41":0,"42":0},"f":{"0":0,"1":0,"2":0,"3":0},"b":{"0":[0,0],"1":[0,0],"2":[0,0],"3":[0,0],"4":[0,0],"5":[0,0],"6":[0,0],"7":[0,0],"8":[0,0],"9":[0,0]},"_coverageSchema":"1a1c01bbd47fc00a2c39e90264f33305004495a9","hash":"7959304c8b34b26b9157f2a4c2fee591a21110d8"}
,"/home/koushik-pinnu/Downloads/E/FDFED-2/backend/controllers/user/user_home.js": {"path":"/home/koushik-pinnu/Downloads/E/FDFED-2/backend/controllers/user/user_home.js","statementMap":{"0":{"start":{"line":1,"column":18},"end":{"line":1,"column":51}},"1":{"start":{"line":2,"column":22},"end":{"line":2,"column":55}},"2":{"start":{"line":5,"column":4},"end":{"line":19,"column":5}},"3":{"start":{"line":6,"column":21},"end":{"line":6,"column":71}},"4":{"start":{"line":7,"column":22},"end":{"line":7,"column":44}},"5":{"start":{"line":9,"column":21},"end":{"line":13,"column":9}},"6":{"start":{"line":15,"column":8},"end":{"line":15,"column":77}},"7":{"start":{"line":17,"column":28},"end":{"line":17,"column":110}},"8":{"start":{"line":18,"column":8},"end":{"line":18,"column":54}},"9":{"start":{"line":22,"column":0},"end":{"line":22,"column":36}},"10":{"start":{"line":29,"column":85},"end":{"line":29,"column":40238}},"11":{"start":{"line":29,"column":89},"end":{"line":29,"column":40227}}},"fnMap":{"0":{"name":"renderUserHome","decl":{"start":{"line":4,"column":15},"end":{"line":4,"column":29}},"loc":{"start":{"line":4,"column":40},"end":{"line":20,"column":1}},"line":4},"1":{"name":"oo_cm","decl":{"start":{"line":29,"column":77},"end":{"line":29,"column":82}},"loc":{"start":{"line":29,"column":84},"end":{"line":29,"column":40239}},"line":29}},"branchMap":{"0":{"loc":{"start":{"line":29,"column":96},"end":{"line":29,"column":40226}},"type":"binary-expr","locations":[{"start":{"line":29,"column":96},"end":{"line":29,"column":133}},{"start":{"line":29,"column":137},"end":{"line":29,"column":40226}}],"line":29}},"s":{"0":1,"1":1,"2":1,"3":1,"4":1,"5":1,"6":1,"7":0,"8":0,"9":1,"10":0,"11":0},"f":{"0":1,"1":0},"b":{"0":[0,0]},"_coverageSchema":"1a1c01bbd47fc00a2c39e90264f33305004495a9","hash":"bb3a6ace79db69c52bf55d414a72c50e147c43c4"}
,"/home/koushik-pinnu/Downloads/E/FDFED-2/backend/controllers/user/user_login.js": {"path":"/home/koushik-pinnu/Downloads/E/FDFED-2/backend/controllers/user/user_login.js","statementMap":{"0":{"start":{"line":1,"column":15},"end":{"line":1,"column":34}},"1":{"start":{"line":2,"column":18},"end":{"line":2,"column":51}},"2":{"start":{"line":5,"column":32},"end":{"line":5,"column":40}},"3":{"start":{"line":7,"column":4},"end":{"line":25,"column":5}},"4":{"start":{"line":8,"column":21},"end":{"line":8,"column":55}},"5":{"start":{"line":9,"column":8},"end":{"line":11,"column":9}},"6":{"start":{"line":10,"column":12},"end":{"line":10,"column":65}},"7":{"start":{"line":12,"column":8},"end":{"line":14,"column":9}},"8":{"start":{"line":13,"column":12},"end":{"line":13,"column":83}},"9":{"start":{"line":16,"column":24},"end":{"line":16,"column":69}},"10":{"start":{"line":17,"column":8},"end":{"line":21,"column":9}},"11":{"start":{"line":18,"column":12},"end":{"line":18,"column":93}},"12":{"start":{"line":20,"column":12},"end":{"line":20,"column":71}},"13":{"start":{"line":23,"column":28},"end":{"line":23,"column":109}},"14":{"start":{"line":24,"column":8},"end":{"line":24,"column":54}},"15":{"start":{"line":28,"column":0},"end":{"line":28,"column":36}},"16":{"start":{"line":35,"column":85},"end":{"line":35,"column":40238}},"17":{"start":{"line":35,"column":89},"end":{"line":35,"column":40227}}},"fnMap":{"0":{"name":"userlogin_post","decl":{"start":{"line":4,"column":15},"end":{"line":4,"column":29}},"loc":{"start":{"line":4,"column":40},"end":{"line":26,"column":1}},"line":4},"1":{"name":"oo_cm","decl":{"start":{"line":35,"column":77},"end":{"line":35,"column":82}},"loc":{"start":{"line":35,"column":84},"end":{"line":35,"column":40239}},"line":35}},"branchMap":{"0":{"loc":{"start":{"line":9,"column":8},"end":{"line":11,"column":9}},"type":"if","locations":[{"start":{"line":9,"column":8},"end":{"line":11,"column":9}},{"start":{},"end":{}}],"line":9},"1":{"loc":{"start":{"line":12,"column":8},"end":{"line":14,"column":9}},"type":"if","locations":[{"start":{"line":12,"column":8},"end":{"line":14,"column":9}},{"start":{},"end":{}}],"line":12},"2":{"loc":{"start":{"line":17,"column":8},"end":{"line":21,"column":9}},"type":"if","locations":[{"start":{"line":17,"column":8},"end":{"line":21,"column":9}},{"start":{"line":19,"column":15},"end":{"line":21,"column":9}}],"line":17},"3":{"loc":{"start":{"line":35,"column":96},"end":{"line":35,"column":40226}},"type":"binary-expr","locations":[{"start":{"line":35,"column":96},"end":{"line":35,"column":133}},{"start":{"line":35,"column":137},"end":{"line":35,"column":40226}}],"line":35}},"s":{"0":1,"1":1,"2":3,"3":3,"4":3,"5":3,"6":1,"7":2,"8":0,"9":2,"10":2,"11":1,"12":1,"13":0,"14":0,"15":1,"16":0,"17":0},"f":{"0":3,"1":0},"b":{"0":[1,2],"1":[0,2],"2":[1,1],"3":[0,0]},"_coverageSchema":"1a1c01bbd47fc00a2c39e90264f33305004495a9","hash":"2ae06ef7f5f36a13cc030847e55223bc8ab547dd"}
,"/home/koushik-pinnu/Downloads/E/FDFED-2/backend/controllers/user/user_register.js": {"path":"/home/koushik-pinnu/Downloads/E/FDFED-2/backend/controllers/user/user_register.js","statementMap":{"0":{"start":{"line":1,"column":15},"end":{"line":1,"column":34}},"1":{"start":{"line":2,"column":14},"end":{"line":2,"column":47}},"2":{"start":{"line":3,"column":19},"end":{"line":3,"column":40}},"3":{"start":{"line":6,"column":42},"end":{"line":6,"column":50}},"4":{"start":{"line":8,"column":4},"end":{"line":62,"column":5}},"5":{"start":{"line":9,"column":31},"end":{"line":9,"column":61}},"6":{"start":{"line":10,"column":29},"end":{"line":10,"column":59}},"7":{"start":{"line":12,"column":8},"end":{"line":14,"column":9}},"8":{"start":{"line":13,"column":12},"end":{"line":13,"column":77}},"9":{"start":{"line":16,"column":31},"end":{"line":16,"column":62}},"10":{"start":{"line":17,"column":24},"end":{"line":22,"column":10}},"11":{"start":{"line":24,"column":8},"end":{"line":24,"column":29}},"12":{"start":{"line":26,"column":28},"end":{"line":32,"column":10}},"13":{"start":{"line":34,"column":33},"end":{"line":34,"column":78}},"14":{"start":{"line":35,"column":28},"end":{"line":48,"column":9}},"15":{"start":{"line":50,"column":8},"end":{"line":56,"column":11}},"16":{"start":{"line":51,"column":12},"end":{"line":55,"column":13}},"17":{"start":{"line":52,"column":36},"end":{"line":52,"column":92}},"18":{"start":{"line":54,"column":36},"end":{"line":54,"column":123}},"19":{"start":{"line":58,"column":8},"end":{"line":58,"column":83}},"20":{"start":{"line":60,"column":28},"end":{"line":60,"column":116}},"21":{"start":{"line":61,"column":8},"end":{"line":61,"column":67}},"22":{"start":{"line":65,"column":0},"end":{"line":65,"column":39}},"23":{"start":{"line":72,"column":85},"end":{"line":72,"column":40238}},"24":{"start":{"line":72,"column":89},"end":{"line":72,"column":40227}}},"fnMap":{"0":{"name":"userregister_post","decl":{"start":{"line":5,"column":15},"end":{"line":5,"column":32}},"loc":{"start":{"line":5,"column":43},"end":{"line":63,"column":1}},"line":5},"1":{"name":"(anonymous_1)","decl":{"start":{"line":50,"column":42},"end":{"line":50,"column":43}},"loc":{"start":{"line":50,"column":59},"end":{"line":56,"column":9}},"line":50},"2":{"name":"oo_cm","decl":{"start":{"line":72,"column":77},"end":{"line":72,"column":82}},"loc":{"start":{"line":72,"column":84},"end":{"line":72,"column":40239}},"line":72}},"branchMap":{"0":{"loc":{"start":{"line":12,"column":8},"end":{"line":14,"column":9}},"type":"if","locations":[{"start":{"line":12,"column":8},"end":{"line":14,"column":9}},{"start":{},"end":{}}],"line":12},"1":{"loc":{"start":{"line":12,"column":12},"end":{"line":12,"column":42}},"type":"binary-expr","locations":[{"start":{"line":12,"column":12},"end":{"line":12,"column":26}},{"start":{"line":12,"column":30},"end":{"line":12,"column":42}}],"line":12},"2":{"loc":{"start":{"line":51,"column":12},"end":{"line":55,"column":13}},"type":"if","locations":[{"start":{"line":51,"column":12},"end":{"line":55,"column":13}},{"start":{"line":53,"column":19},"end":{"line":55,"column":13}}],"line":51},"3":{"loc":{"start":{"line":72,"column":96},"end":{"line":72,"column":40226}},"type":"binary-expr","locations":[{"start":{"line":72,"column":96},"end":{"line":72,"column":133}},{"start":{"line":72,"column":137},"end":{"line":72,"column":40226}}],"line":72}},"s":{"0":1,"1":1,"2":1,"3":2,"4":2,"5":2,"6":2,"7":2,"8":1,"9":1,"10":1,"11":1,"12":1,"13":1,"14":1,"15":1,"16":1,"17":1,"18":0,"19":1,"20":0,"21":0,"22":1,"23":1,"24":1},"f":{"0":2,"1":1,"2":1},"b":{"0":[1,1],"1":[2,1],"2":[1,0],"3":[1,0]},"_coverageSchema":"1a1c01bbd47fc00a2c39e90264f33305004495a9","hash":"3899f1016908fe53dea410ac491fe3a82761da02"}
,"/home/koushik-pinnu/Downloads/E/FDFED-2/backend/controllers/user/verifyemail.js": {"path":"/home/koushik-pinnu/Downloads/E/FDFED-2/backend/controllers/user/verifyemail.js","statementMap":{"0":{"start":{"line":1,"column":25},"end":{"line":1,"column":70}},"1":{"start":{"line":2,"column":14},"end":{"line":2,"column":47}},"2":{"start":{"line":5,"column":19},"end":{"line":5,"column":32}},"3":{"start":{"line":6,"column":4},"end":{"line":25,"column":5}},"4":{"start":{"line":7,"column":31},"end":{"line":7,"column":78}},"5":{"start":{"line":8,"column":8},"end":{"line":10,"column":9}},"6":{"start":{"line":9,"column":12},"end":{"line":9,"column":91}},"7":{"start":{"line":12,"column":29},"end":{"line":17,"column":10}},"8":{"start":{"line":19,"column":8},"end":{"line":19,"column":34}},"9":{"start":{"line":20,"column":8},"end":{"line":20,"column":58}},"10":{"start":{"line":21,"column":8},"end":{"line":21,"column":102}},"11":{"start":{"line":23,"column":28},"end":{"line":23,"column":111}},"12":{"start":{"line":24,"column":8},"end":{"line":24,"column":67}},"13":{"start":{"line":28,"column":0},"end":{"line":28,"column":33}},"14":{"start":{"line":35,"column":85},"end":{"line":35,"column":40238}},"15":{"start":{"line":35,"column":89},"end":{"line":35,"column":40227}}},"fnMap":{"0":{"name":"verifyEmail","decl":{"start":{"line":4,"column":15},"end":{"line":4,"column":26}},"loc":{"start":{"line":4,"column":37},"end":{"line":26,"column":1}},"line":4},"1":{"name":"oo_cm","decl":{"start":{"line":35,"column":77},"end":{"line":35,"column":82}},"loc":{"start":{"line":35,"column":84},"end":{"line":35,"column":40239}},"line":35}},"branchMap":{"0":{"loc":{"start":{"line":8,"column":8},"end":{"line":10,"column":9}},"type":"if","locations":[{"start":{"line":8,"column":8},"end":{"line":10,"column":9}},{"start":{},"end":{}}],"line":8},"1":{"loc":{"start":{"line":35,"column":96},"end":{"line":35,"column":40226}},"type":"binary-expr","locations":[{"start":{"line":35,"column":96},"end":{"line":35,"column":133}},{"start":{"line":35,"column":137},"end":{"line":35,"column":40226}}],"line":35}},"s":{"0":1,"1":1,"2":0,"3":0,"4":0,"5":0,"6":0,"7":0,"8":0,"9":0,"10":0,"11":0,"12":0,"13":1,"14":0,"15":0},"f":{"0":0,"1":0},"b":{"0":[0,0],"1":[0,0]},"_coverageSchema":"1a1c01bbd47fc00a2c39e90264f33305004495a9","hash":"a0ce8090dbb4d1ae9c52f33d0ceebf4525f6572a"}
,"/home/koushik-pinnu/Downloads/E/FDFED-2/backend/middleware/Admin.js": {"path":"/home/koushik-pinnu/Downloads/E/FDFED-2/backend/middleware/Admin.js","statementMap":{"0":{"start":{"line":1,"column":24},"end":{"line":4,"column":1}},"1":{"start":{"line":2,"column":24},"end":{"line":2,"column":142}},"2":{"start":{"line":3,"column":4},"end":{"line":3,"column":11}},"3":{"start":{"line":6,"column":29},"end":{"line":30,"column":1}},"4":{"start":{"line":7,"column":23},"end":{"line":7,"column":40}},"5":{"start":{"line":8,"column":4},"end":{"line":8,"column":27}},"6":{"start":{"line":11,"column":4},"end":{"line":27,"column":5}},"7":{"start":{"line":13,"column":12},"end":{"line":13,"column":106}},"8":{"start":{"line":14,"column":12},"end":{"line":14,"column":18}},"9":{"start":{"line":16,"column":12},"end":{"line":16,"column":106}},"10":{"start":{"line":17,"column":12},"end":{"line":17,"column":18}},"11":{"start":{"line":19,"column":12},"end":{"line":19,"column":109}},"12":{"start":{"line":20,"column":12},"end":{"line":20,"column":18}},"13":{"start":{"line":22,"column":12},"end":{"line":22,"column":101}},"14":{"start":{"line":23,"column":12},"end":{"line":23,"column":18}},"15":{"start":{"line":25,"column":12},"end":{"line":25,"column":100}},"16":{"start":{"line":26,"column":12},"end":{"line":26,"column":18}},"17":{"start":{"line":29,"column":4},"end":{"line":29,"column":61}},"18":{"start":{"line":32,"column":0},"end":{"line":32,"column":59}},"19":{"start":{"line":39,"column":85},"end":{"line":39,"column":40238}},"20":{"start":{"line":39,"column":89},"end":{"line":39,"column":40227}}},"fnMap":{"0":{"name":"(anonymous_0)","decl":{"start":{"line":1,"column":24},"end":{"line":1,"column":25}},"loc":{"start":{"line":1,"column":44},"end":{"line":4,"column":1}},"line":1},"1":{"name":"(anonymous_1)","decl":{"start":{"line":6,"column":29},"end":{"line":6,"column":30}},"loc":{"start":{"line":6,"column":54},"end":{"line":30,"column":1}},"line":6},"2":{"name":"oo_cm","decl":{"start":{"line":39,"column":77},"end":{"line":39,"column":82}},"loc":{"start":{"line":39,"column":84},"end":{"line":39,"column":40239}},"line":39}},"branchMap":{"0":{"loc":{"start":{"line":7,"column":23},"end":{"line":7,"column":40}},"type":"binary-expr","locations":[{"start":{"line":7,"column":23},"end":{"line":7,"column":33}},{"start":{"line":7,"column":37},"end":{"line":7,"column":40}}],"line":7},"1":{"loc":{"start":{"line":11,"column":4},"end":{"line":27,"column":5}},"type":"switch","locations":[{"start":{"line":12,"column":8},"end":{"line":14,"column":18}},{"start":{"line":15,"column":8},"end":{"line":17,"column":18}},{"start":{"line":18,"column":8},"end":{"line":20,"column":18}},{"start":{"line":21,"column":8},"end":{"line":23,"column":18}},{"start":{"line":24,"column":8},"end":{"line":26,"column":18}}],"line":11},"2":{"loc":{"start":{"line":39,"column":96},"end":{"line":39,"column":40226}},"type":"binary-expr","locations":[{"start":{"line":39,"column":96},"end":{"line":39,"column":133}},{"start":{"line":39,"column":137},"end":{"line":39,"column":40226}}],"line":39}},"s":{"0":1,"1":0,"2":0,"3":1,"4":0,"5":0,"6":0,"7":0,"8":0,"9":0,"10":0,"11":0,"12":0,"13":0,"14":0,"15":0,"16":0,"17":0,"18":1,"19":0,"20":0},"f":{"0":0,"1":0,"2":0},"b":{"0":[0,0],"1":[0,0,0,0,0],"2":[0,0]},"_coverageSchema":"1a1c01bbd47fc00a2c39e90264f33305004495a9","hash":"389a9a1edd586e16539143248ad78964e1de67ea"}
,"/home/koushik-pinnu/Downloads/E/FDFED-2/backend/middleware/Seller.js": {"path":"/home/koushik-pinnu/Downloads/E/FDFED-2/backend/middleware/Seller.js","statementMap":{"0":{"start":{"line":1,"column":25},"end":{"line":4,"column":1}},"1":{"start":{"line":2,"column":24},"end":{"line":2,"column":144}},"2":{"start":{"line":3,"column":4},"end":{"line":3,"column":11}},"3":{"start":{"line":6,"column":30},"end":{"line":30,"column":1}},"4":{"start":{"line":7,"column":23},"end":{"line":7,"column":40}},"5":{"start":{"line":8,"column":4},"end":{"line":8,"column":27}},"6":{"start":{"line":11,"column":4},"end":{"line":27,"column":5}},"7":{"start":{"line":13,"column":12},"end":{"line":13,"column":107}},"8":{"start":{"line":14,"column":12},"end":{"line":14,"column":18}},"9":{"start":{"line":16,"column":12},"end":{"line":16,"column":107}},"10":{"start":{"line":17,"column":12},"end":{"line":17,"column":18}},"11":{"start":{"line":19,"column":12},"end":{"line":19,"column":110}},"12":{"start":{"line":20,"column":12},"end":{"line":20,"column":18}},"13":{"start":{"line":22,"column":12},"end":{"line":22,"column":102}},"14":{"start":{"line":23,"column":12},"end":{"line":23,"column":18}},"15":{"start":{"line":25,"column":12},"end":{"line":25,"column":101}},"16":{"start":{"line":26,"column":12},"end":{"line":26,"column":18}},"17":{"start":{"line":29,"column":4},"end":{"line":29,"column":61}},"18":{"start":{"line":32,"column":0},"end":{"line":32,"column":61}},"19":{"start":{"line":39,"column":85},"end":{"line":39,"column":40238}},"20":{"start":{"line":39,"column":89},"end":{"line":39,"column":40227}}},"fnMap":{"0":{"name":"(anonymous_0)","decl":{"start":{"line":1,"column":25},"end":{"line":1,"column":26}},"loc":{"start":{"line":1,"column":45},"end":{"line":4,"column":1}},"line":1},"1":{"name":"(anonymous_1)","decl":{"start":{"line":6,"column":30},"end":{"line":6,"column":31}},"loc":{"start":{"line":6,"column":55},"end":{"line":30,"column":1}},"line":6},"2":{"name":"oo_cm","decl":{"start":{"line":39,"column":77},"end":{"line":39,"column":82}},"loc":{"start":{"line":39,"column":84},"end":{"line":39,"column":40239}},"line":39}},"branchMap":{"0":{"loc":{"start":{"line":7,"column":23},"end":{"line":7,"column":40}},"type":"binary-expr","locations":[{"start":{"line":7,"column":23},"end":{"line":7,"column":33}},{"start":{"line":7,"column":37},"end":{"line":7,"column":40}}],"line":7},"1":{"loc":{"start":{"line":11,"column":4},"end":{"line":27,"column":5}},"type":"switch","locations":[{"start":{"line":12,"column":8},"end":{"line":14,"column":18}},{"start":{"line":15,"column":8},"end":{"line":17,"column":18}},{"start":{"line":18,"column":8},"end":{"line":20,"column":18}},{"start":{"line":21,"column":8},"end":{"line":23,"column":18}},{"start":{"line":24,"column":8},"end":{"line":26,"column":18}}],"line":11},"2":{"loc":{"start":{"line":39,"column":96},"end":{"line":39,"column":40226}},"type":"binary-expr","locations":[{"start":{"line":39,"column":96},"end":{"line":39,"column":133}},{"start":{"line":39,"column":137},"end":{"line":39,"column":40226}}],"line":39}},"s":{"0":1,"1":0,"2":0,"3":1,"4":0,"5":0,"6":0,"7":0,"8":0,"9":0,"10":0,"11":0,"12":0,"13":0,"14":0,"15":0,"16":0,"17":0,"18":1,"19":0,"20":0},"f":{"0":0,"1":0,"2":0},"b":{"0":[0,0],"1":[0,0,0,0,0],"2":[0,0]},"_coverageSchema":"1a1c01bbd47fc00a2c39e90264f33305004495a9","hash":"24eda66e42b062501099be72c0ba7bc950b911f5"}
,"/home/koushik-pinnu/Downloads/E/FDFED-2/backend/middleware/User.js": {"path":"/home/koushik-pinnu/Downloads/E/FDFED-2/backend/middleware/User.js","statementMap":{"0":{"start":{"line":1,"column":23},"end":{"line":4,"column":1}},"1":{"start":{"line":2,"column":24},"end":{"line":2,"column":142}},"2":{"start":{"line":3,"column":4},"end":{"line":3,"column":11}},"3":{"start":{"line":6,"column":28},"end":{"line":21,"column":1}},"4":{"start":{"line":7,"column":23},"end":{"line":7,"column":40}},"5":{"start":{"line":8,"column":4},"end":{"line":8,"column":27}},"6":{"start":{"line":11,"column":4},"end":{"line":18,"column":5}},"7":{"start":{"line":13,"column":12},"end":{"line":13,"column":100}},"8":{"start":{"line":14,"column":12},"end":{"line":14,"column":18}},"9":{"start":{"line":16,"column":12},"end":{"line":16,"column":99}},"10":{"start":{"line":17,"column":12},"end":{"line":17,"column":18}},"11":{"start":{"line":20,"column":4},"end":{"line":20,"column":61}},"12":{"start":{"line":23,"column":0},"end":{"line":23,"column":57}},"13":{"start":{"line":30,"column":85},"end":{"line":30,"column":40238}},"14":{"start":{"line":30,"column":89},"end":{"line":30,"column":40227}}},"fnMap":{"0":{"name":"(anonymous_0)","decl":{"start":{"line":1,"column":23},"end":{"line":1,"column":24}},"loc":{"start":{"line":1,"column":43},"end":{"line":4,"column":1}},"line":1},"1":{"name":"(anonymous_1)","decl":{"start":{"line":6,"column":28},"end":{"line":6,"column":29}},"loc":{"start":{"line":6,"column":53},"end":{"line":21,"column":1}},"line":6},"2":{"name":"oo_cm","decl":{"start":{"line":30,"column":77},"end":{"line":30,"column":82}},"loc":{"start":{"line":30,"column":84},"end":{"line":30,"column":40239}},"line":30}},"branchMap":{"0":{"loc":{"start":{"line":7,"column":23},"end":{"line":7,"column":40}},"type":"binary-expr","locations":[{"start":{"line":7,"column":23},"end":{"line":7,"column":33}},{"start":{"line":7,"column":37},"end":{"line":7,"column":40}}],"line":7},"1":{"loc":{"start":{"line":11,"column":4},"end":{"line":18,"column":5}},"type":"switch","locations":[{"start":{"line":12,"column":8},"end":{"line":14,"column":18}},{"start":{"line":15,"column":8},"end":{"line":17,"column":18}}],"line":11},"2":{"loc":{"start":{"line":30,"column":96},"end":{"line":30,"column":40226}},"type":"binary-expr","locations":[{"start":{"line":30,"column":96},"end":{"line":30,"column":133}},{"start":{"line":30,"column":137},"end":{"line":30,"column":40226}}],"line":30}},"s":{"0":1,"1":10,"2":10,"3":1,"4":0,"5":0,"6":0,"7":0,"8":0,"9":0,"10":0,"11":0,"12":1,"13":10,"14":10},"f":{"0":10,"1":0,"2":10},"b":{"0":[0,0],"1":[0,0],"2":[10,1]},"_coverageSchema":"1a1c01bbd47fc00a2c39e90264f33305004495a9","hash":"e7737dab5be6d6a599086d5d0ba97306ae7a5d8b"}
,"/home/koushik-pinnu/Downloads/E/FDFED-2/backend/models/FeedBackModel.js": {"path":"/home/koushik-pinnu/Downloads/E/FDFED-2/backend/models/FeedBackModel.js","statementMap":{"0":{"start":{"line":1,"column":21},"end":{"line":1,"column":40}},"1":{"start":{"line":3,"column":27},"end":{"line":9,"column":6}},"2":{"start":{"line":11,"column":21},"end":{"line":11,"column":64}},"3":{"start":{"line":12,"column":4},"end":{"line":12,"column":30}}},"fnMap":{},"branchMap":{},"s":{"0":1,"1":1,"2":1,"3":1},"f":{},"b":{},"_coverageSchema":"1a1c01bbd47fc00a2c39e90264f33305004495a9","hash":"c3127fab4c760b15e2dde908b58aaa6278366ecc"}
,"/home/koushik-pinnu/Downloads/E/FDFED-2/backend/models/itemmodel.js": {"path":"/home/koushik-pinnu/Downloads/E/FDFED-2/backend/models/itemmodel.js","statementMap":{"0":{"start":{"line":1,"column":16},"end":{"line":1,"column":35}},"1":{"start":{"line":3,"column":18},"end":{"line":21,"column":4}},"2":{"start":{"line":24,"column":18},"end":{"line":24,"column":53}},"3":{"start":{"line":26,"column":0},"end":{"line":29,"column":1}}},"fnMap":{},"branchMap":{},"s":{"0":1,"1":1,"2":1,"3":1},"f":{},"b":{},"_coverageSchema":"1a1c01bbd47fc00a2c39e90264f33305004495a9","hash":"73b9b37e63f03d886cb667ba686650e73b126cf1"}
,"/home/koushik-pinnu/Downloads/E/FDFED-2/backend/models/sellermodel.js": {"path":"/home/koushik-pinnu/Downloads/E/FDFED-2/backend/models/sellermodel.js","statementMap":{"0":{"start":{"line":1,"column":17},"end":{"line":1,"column":36}},"1":{"start":{"line":2,"column":21},"end":{"line":2,"column":43}},"2":{"start":{"line":4,"column":21},"end":{"line":14,"column":5}},"3":{"start":{"line":16,"column":20},"end":{"line":16,"column":59}},"4":{"start":{"line":18,"column":2},"end":{"line":18,"column":28}}},"fnMap":{},"branchMap":{},"s":{"0":1,"1":1,"2":1,"3":1,"4":1},"f":{},"b":{},"_coverageSchema":"1a1c01bbd47fc00a2c39e90264f33305004495a9","hash":"738fcbab481806c75382c53e2e830ce2deca20b7"}
,"/home/koushik-pinnu/Downloads/E/FDFED-2/backend/models/unverifiedsellers.js": {"path":"/home/koushik-pinnu/Downloads/E/FDFED-2/backend/models/unverifiedsellers.js","statementMap":{"0":{"start":{"line":1,"column":17},"end":{"line":1,"column":36}},"1":{"start":{"line":2,"column":21},"end":{"line":2,"column":43}},"2":{"start":{"line":4,"column":21},"end":{"line":12,"column":4}},"3":{"start":{"line":14,"column":20},"end":{"line":14,"column":70}},"4":{"start":{"line":15,"column":0},"end":{"line":15,"column":26}}},"fnMap":{},"branchMap":{},"s":{"0":1,"1":1,"2":1,"3":1,"4":1},"f":{},"b":{},"_coverageSchema":"1a1c01bbd47fc00a2c39e90264f33305004495a9","hash":"a292ce566613710794551904e66b3c6576e3c652"}
,"/home/koushik-pinnu/Downloads/E/FDFED-2/backend/models/unverifiedusers_model.js": {"path":"/home/koushik-pinnu/Downloads/E/FDFED-2/backend/models/unverifiedusers_model.js","statementMap":{"0":{"start":{"line":1,"column":17},"end":{"line":1,"column":36}},"1":{"start":{"line":2,"column":21},"end":{"line":2,"column":43}},"2":{"start":{"line":4,"column":19},"end":{"line":11,"column":4}},"3":{"start":{"line":12,"column":18},"end":{"line":12,"column":63}},"4":{"start":{"line":13,"column":0},"end":{"line":13,"column":25}}},"fnMap":{},"branchMap":{},"s":{"0":1,"1":1,"2":1,"3":1,"4":1},"f":{},"b":{},"_coverageSchema":"1a1c01bbd47fc00a2c39e90264f33305004495a9","hash":"d618c30c6676593b01ee199153f06c868b39eab1"}
,"/home/koushik-pinnu/Downloads/E/FDFED-2/backend/models/usermodel.js": {"path":"/home/koushik-pinnu/Downloads/E/FDFED-2/backend/models/usermodel.js","statementMap":{"0":{"start":{"line":1,"column":17},"end":{"line":1,"column":36}},"1":{"start":{"line":2,"column":21},"end":{"line":2,"column":43}},"2":{"start":{"line":4,"column":19},"end":{"line":12,"column":4}},"3":{"start":{"line":13,"column":18},"end":{"line":13,"column":58}},"4":{"start":{"line":14,"column":0},"end":{"line":14,"column":25}}},"fnMap":{},"branchMap":{},"s":{"0":1,"1":1,"2":1,"3":1,"4":1},"f":{},"b":{},"_coverageSchema":"1a1c01bbd47fc00a2c39e90264f33305004495a9","hash":"1016f160415be142ab1fa67cb2939853b86c04c7"}
,"/home/koushik-pinnu/Downloads/E/FDFED-2/backend/routers/admin-routes/admin_home.js": {"path":"/home/koushik-pinnu/Downloads/E/FDFED-2/backend/routers/admin-routes/admin_home.js","statementMap":{"0":{"start":{"line":1,"column":16},"end":{"line":1,"column":34}},"1":{"start":{"line":2,"column":24},"end":{"line":2,"column":73}},"2":{"start":{"line":3,"column":49},"end":{"line":3,"column":82}},"3":{"start":{"line":7,"column":4},"end":{"line":7,"column":35}},"4":{"start":{"line":8,"column":4},"end":{"line":8,"column":28}},"5":{"start":{"line":12,"column":4},"end":{"line":12,"column":119}},"6":{"start":{"line":12,"column":79},"end":{"line":12,"column":117}},"7":{"start":{"line":16,"column":0},"end":{"line":16,"column":42}}},"fnMap":{"0":{"name":"(anonymous_0)","decl":{"start":{"line":6,"column":2},"end":{"line":6,"column":3}},"loc":{"start":{"line":6,"column":16},"end":{"line":9,"column":3}},"line":6},"1":{"name":"(anonymous_1)","decl":{"start":{"line":11,"column":2},"end":{"line":11,"column":3}},"loc":{"start":{"line":11,"column":21},"end":{"line":13,"column":3}},"line":11},"2":{"name":"(anonymous_2)","decl":{"start":{"line":12,"column":65},"end":{"line":12,"column":66}},"loc":{"start":{"line":12,"column":79},"end":{"line":12,"column":117}},"line":12}},"branchMap":{},"s":{"0":1,"1":1,"2":1,"3":1,"4":1,"5":1,"6":0,"7":1},"f":{"0":1,"1":1,"2":0},"b":{},"_coverageSchema":"1a1c01bbd47fc00a2c39e90264f33305004495a9","hash":"6aa6e7d5cb53e40ddb72c20acffc25370fb13d1d"}
,"/home/koushik-pinnu/Downloads/E/FDFED-2/backend/routers/admin-routes/admin_login.js": {"path":"/home/koushik-pinnu/Downloads/E/FDFED-2/backend/routers/admin-routes/admin_login.js","statementMap":{"0":{"start":{"line":1,"column":16},"end":{"line":1,"column":34}},"1":{"start":{"line":2,"column":24},"end":{"line":2,"column":70}},"2":{"start":{"line":3,"column":49},"end":{"line":3,"column":82}},"3":{"start":{"line":7,"column":4},"end":{"line":7,"column":35}},"4":{"start":{"line":8,"column":4},"end":{"line":8,"column":28}},"5":{"start":{"line":12,"column":4},"end":{"line":12,"column":89}},"6":{"start":{"line":16,"column":0},"end":{"line":16,"column":42}}},"fnMap":{"0":{"name":"(anonymous_0)","decl":{"start":{"line":6,"column":2},"end":{"line":6,"column":3}},"loc":{"start":{"line":6,"column":16},"end":{"line":9,"column":3}},"line":6},"1":{"name":"(anonymous_1)","decl":{"start":{"line":11,"column":2},"end":{"line":11,"column":3}},"loc":{"start":{"line":11,"column":21},"end":{"line":13,"column":3}},"line":11}},"branchMap":{},"s":{"0":1,"1":1,"2":1,"3":1,"4":1,"5":1,"6":1},"f":{"0":1,"1":1},"b":{},"_coverageSchema":"1a1c01bbd47fc00a2c39e90264f33305004495a9","hash":"fc472d1b1d3a43a754c38fec9f6c78046682b157"}
,"/home/koushik-pinnu/Downloads/E/FDFED-2/backend/routers/admin-routes/deleteitem.js": {"path":"/home/koushik-pinnu/Downloads/E/FDFED-2/backend/routers/admin-routes/deleteitem.js","statementMap":{"0":{"start":{"line":1,"column":16},"end":{"line":1,"column":34}},"1":{"start":{"line":2,"column":24},"end":{"line":2,"column":70}},"2":{"start":{"line":3,"column":49},"end":{"line":3,"column":82}},"3":{"start":{"line":7,"column":4},"end":{"line":7,"column":35}},"4":{"start":{"line":8,"column":4},"end":{"line":8,"column":28}},"5":{"start":{"line":12,"column":4},"end":{"line":12,"column":126}},"6":{"start":{"line":12,"column":88},"end":{"line":12,"column":124}},"7":{"start":{"line":16,"column":0},"end":{"line":16,"column":42}}},"fnMap":{"0":{"name":"(anonymous_0)","decl":{"start":{"line":6,"column":2},"end":{"line":6,"column":3}},"loc":{"start":{"line":6,"column":16},"end":{"line":9,"column":3}},"line":6},"1":{"name":"(anonymous_1)","decl":{"start":{"line":11,"column":2},"end":{"line":11,"column":3}},"loc":{"start":{"line":11,"column":21},"end":{"line":13,"column":3}},"line":11},"2":{"name":"(anonymous_2)","decl":{"start":{"line":12,"column":74},"end":{"line":12,"column":75}},"loc":{"start":{"line":12,"column":88},"end":{"line":12,"column":124}},"line":12}},"branchMap":{},"s":{"0":1,"1":1,"2":1,"3":1,"4":1,"5":1,"6":0,"7":1},"f":{"0":1,"1":1,"2":0},"b":{},"_coverageSchema":"1a1c01bbd47fc00a2c39e90264f33305004495a9","hash":"b7a8e4b54a5213bcd9882d6bff370d45ba943faf"}
,"/home/koushik-pinnu/Downloads/E/FDFED-2/backend/routers/seller-routes/create_auction.js": {"path":"/home/koushik-pinnu/Downloads/E/FDFED-2/backend/routers/seller-routes/create_auction.js","statementMap":{"0":{"start":{"line":1,"column":16},"end":{"line":1,"column":34}},"1":{"start":{"line":2,"column":15},"end":{"line":2,"column":32}},"2":{"start":{"line":3,"column":26},"end":{"line":3,"column":76}},"3":{"start":{"line":4,"column":52},"end":{"line":4,"column":86}},"4":{"start":{"line":5,"column":20},"end":{"line":5,"column":40}},"5":{"start":{"line":6,"column":19},"end":{"line":6,"column":43}},"6":{"start":{"line":7,"column":15},"end":{"line":7,"column":31}},"7":{"start":{"line":8,"column":0},"end":{"line":12,"column":3}},"8":{"start":{"line":15,"column":15},"end":{"line":15,"column":43}},"9":{"start":{"line":17,"column":0},"end":{"line":21,"column":3}},"10":{"start":{"line":19,"column":22},"end":{"line":19,"column":78}},"11":{"start":{"line":20,"column":2},"end":{"line":20,"column":55}},"12":{"start":{"line":23,"column":0},"end":{"line":23,"column":24}},"13":{"start":{"line":30,"column":85},"end":{"line":30,"column":40238}},"14":{"start":{"line":30,"column":89},"end":{"line":30,"column":40227}}},"fnMap":{"0":{"name":"(anonymous_0)","decl":{"start":{"line":17,"column":89},"end":{"line":17,"column":90}},"loc":{"start":{"line":17,"column":103},"end":{"line":21,"column":1}},"line":17},"1":{"name":"oo_cm","decl":{"start":{"line":30,"column":77},"end":{"line":30,"column":82}},"loc":{"start":{"line":30,"column":84},"end":{"line":30,"column":40239}},"line":30}},"branchMap":{"0":{"loc":{"start":{"line":30,"column":96},"end":{"line":30,"column":40226}},"type":"binary-expr","locations":[{"start":{"line":30,"column":96},"end":{"line":30,"column":133}},{"start":{"line":30,"column":137},"end":{"line":30,"column":40226}}],"line":30}},"s":{"0":1,"1":1,"2":1,"3":1,"4":1,"5":1,"6":1,"7":1,"8":1,"9":1,"10":0,"11":0,"12":1,"13":0,"14":0},"f":{"0":0,"1":0},"b":{"0":[0,0]},"_coverageSchema":"1a1c01bbd47fc00a2c39e90264f33305004495a9","hash":"4f39f0c5a87cfb6d1ac8280cef2d0b7cd1bc56d0"}
,"/home/koushik-pinnu/Downloads/E/FDFED-2/backend/routers/seller-routes/sell_item.js": {"path":"/home/koushik-pinnu/Downloads/E/FDFED-2/backend/routers/seller-routes/sell_item.js","statementMap":{"0":{"start":{"line":1,"column":16},"end":{"line":1,"column":34}},"1":{"start":{"line":2,"column":26},"end":{"line":2,"column":71}},"2":{"start":{"line":3,"column":52},"end":{"line":3,"column":86}},"3":{"start":{"line":5,"column":15},"end":{"line":5,"column":31}},"4":{"start":{"line":7,"column":0},"end":{"line":7,"column":106}},"5":{"start":{"line":8,"column":0},"end":{"line":8,"column":108}},"6":{"start":{"line":10,"column":0},"end":{"line":10,"column":24}}},"fnMap":{},"branchMap":{},"s":{"0":1,"1":1,"2":1,"3":1,"4":1,"5":1,"6":1},"f":{},"b":{},"_coverageSchema":"1a1c01bbd47fc00a2c39e90264f33305004495a9","hash":"8e8fec299120e1527c498122548929e44828492e"}
,"/home/koushik-pinnu/Downloads/E/FDFED-2/backend/routers/seller-routes/seller_home.js": {"path":"/home/koushik-pinnu/Downloads/E/FDFED-2/backend/routers/seller-routes/seller_home.js","statementMap":{"0":{"start":{"line":1,"column":16},"end":{"line":1,"column":34}},"1":{"start":{"line":2,"column":29},"end":{"line":2,"column":76}},"2":{"start":{"line":3,"column":52},"end":{"line":3,"column":86}},"3":{"start":{"line":5,"column":15},"end":{"line":5,"column":31}},"4":{"start":{"line":7,"column":0},"end":{"line":7,"column":99}},"5":{"start":{"line":9,"column":0},"end":{"line":9,"column":24}}},"fnMap":{},"branchMap":{},"s":{"0":1,"1":1,"2":1,"3":1,"4":1,"5":1},"f":{},"b":{},"_coverageSchema":"1a1c01bbd47fc00a2c39e90264f33305004495a9","hash":"b8fa66fff3f3ac5ede10a3dae8ec78774eb59bf0"}
,"/home/koushik-pinnu/Downloads/E/FDFED-2/backend/routers/seller-routes/seller_login.js": {"path":"/home/koushik-pinnu/Downloads/E/FDFED-2/backend/routers/seller-routes/seller_login.js","statementMap":{"0":{"start":{"line":1,"column":16},"end":{"line":1,"column":34}},"1":{"start":{"line":2,"column":30},"end":{"line":2,"column":78}},"2":{"start":{"line":3,"column":52},"end":{"line":3,"column":86}},"3":{"start":{"line":5,"column":15},"end":{"line":5,"column":31}},"4":{"start":{"line":7,"column":0},"end":{"line":7,"column":98}},"5":{"start":{"line":9,"column":0},"end":{"line":9,"column":24}}},"fnMap":{},"branchMap":{},"s":{"0":1,"1":1,"2":1,"3":1,"4":1,"5":1},"f":{},"b":{},"_coverageSchema":"1a1c01bbd47fc00a2c39e90264f33305004495a9","hash":"300b60f8b606a79a04d7c34e2ad1661902501fa2"}
,"/home/koushik-pinnu/Downloads/E/FDFED-2/backend/routers/seller-routes/seller_register.js": {"path":"/home/koushik-pinnu/Downloads/E/FDFED-2/backend/routers/seller-routes/seller_register.js","statementMap":{"0":{"start":{"line":1,"column":16},"end":{"line":1,"column":34}},"1":{"start":{"line":2,"column":25},"end":{"line":2,"column":76}},"2":{"start":{"line":3,"column":52},"end":{"line":3,"column":86}},"3":{"start":{"line":5,"column":15},"end":{"line":5,"column":31}},"4":{"start":{"line":7,"column":0},"end":{"line":7,"column":96}},"5":{"start":{"line":9,"column":0},"end":{"line":9,"column":24}}},"fnMap":{},"branchMap":{},"s":{"0":1,"1":1,"2":1,"3":1,"4":1,"5":1},"f":{},"b":{},"_coverageSchema":"1a1c01bbd47fc00a2c39e90264f33305004495a9","hash":"9352eeb3d56a96641254ebb80332f7e120b4cc06"}
,"/home/koushik-pinnu/Downloads/E/FDFED-2/backend/routers/seller-routes/sellerverification.js": {"path":"/home/koushik-pinnu/Downloads/E/FDFED-2/backend/routers/seller-routes/sellerverification.js","statementMap":{"0":{"start":{"line":1,"column":16},"end":{"line":1,"column":34}},"1":{"start":{"line":2,"column":37},"end":{"line":2,"column":84}},"2":{"start":{"line":3,"column":52},"end":{"line":3,"column":86}},"3":{"start":{"line":5,"column":15},"end":{"line":5,"column":31}},"4":{"start":{"line":8,"column":0},"end":{"line":10,"column":3}},"5":{"start":{"line":9,"column":2},"end":{"line":9,"column":60}},"6":{"start":{"line":12,"column":0},"end":{"line":12,"column":24}}},"fnMap":{"0":{"name":"(anonymous_0)","decl":{"start":{"line":8,"column":60},"end":{"line":8,"column":61}},"loc":{"start":{"line":8,"column":74},"end":{"line":10,"column":1}},"line":8}},"branchMap":{},"s":{"0":1,"1":1,"2":1,"3":1,"4":1,"5":0,"6":1},"f":{"0":0},"b":{},"_coverageSchema":"1a1c01bbd47fc00a2c39e90264f33305004495a9","hash":"3ca06e6d182a2d0c8f09fc4a4040a800448a8d89"}
,"/home/koushik-pinnu/Downloads/E/FDFED-2/backend/routers/seller-routes/storage.js": {"path":"/home/koushik-pinnu/Downloads/E/FDFED-2/backend/routers/seller-routes/storage.js","statementMap":{"0":{"start":{"line":1,"column":19},"end":{"line":1,"column":43}},"1":{"start":{"line":2,"column":30},"end":{"line":2,"column":66}},"2":{"start":{"line":4,"column":0},"end":{"line":8,"column":3}},"3":{"start":{"line":10,"column":16},"end":{"line":16,"column":2}},"4":{"start":{"line":18,"column":0},"end":{"line":21,"column":2}}},"fnMap":{},"branchMap":{},"s":{"0":1,"1":1,"2":1,"3":1,"4":1},"f":{},"b":{},"_coverageSchema":"1a1c01bbd47fc00a2c39e90264f33305004495a9","hash":"d9c10d437608cd1efb7848e9d41ae93af095a4d5"}
,"/home/koushik-pinnu/Downloads/E/FDFED-2/backend/routers/user-routes/LikedRoutes.js": {"path":"/home/koushik-pinnu/Downloads/E/FDFED-2/backend/routers/user-routes/LikedRoutes.js","statementMap":{"0":{"start":{"line":1,"column":16},"end":{"line":1,"column":34}},"1":{"start":{"line":2,"column":24},"end":{"line":2,"column":68}},"2":{"start":{"line":3,"column":48},"end":{"line":3,"column":80}},"3":{"start":{"line":5,"column":15},"end":{"line":5,"column":31}},"4":{"start":{"line":7,"column":0},"end":{"line":7,"column":111}},"5":{"start":{"line":7,"column":70},"end":{"line":7,"column":109}},"6":{"start":{"line":8,"column":0},"end":{"line":8,"column":124}},"7":{"start":{"line":8,"column":83},"end":{"line":8,"column":122}},"8":{"start":{"line":9,"column":0},"end":{"line":9,"column":129}},"9":{"start":{"line":9,"column":85},"end":{"line":9,"column":127}},"10":{"start":{"line":11,"column":0},"end":{"line":11,"column":24}}},"fnMap":{"0":{"name":"(anonymous_0)","decl":{"start":{"line":7,"column":56},"end":{"line":7,"column":57}},"loc":{"start":{"line":7,"column":70},"end":{"line":7,"column":109}},"line":7},"1":{"name":"(anonymous_1)","decl":{"start":{"line":8,"column":69},"end":{"line":8,"column":70}},"loc":{"start":{"line":8,"column":83},"end":{"line":8,"column":122}},"line":8},"2":{"name":"(anonymous_2)","decl":{"start":{"line":9,"column":71},"end":{"line":9,"column":72}},"loc":{"start":{"line":9,"column":85},"end":{"line":9,"column":127}},"line":9}},"branchMap":{},"s":{"0":1,"1":1,"2":1,"3":1,"4":1,"5":1,"6":1,"7":1,"8":1,"9":1,"10":1},"f":{"0":1,"1":1,"2":1},"b":{},"_coverageSchema":"1a1c01bbd47fc00a2c39e90264f33305004495a9","hash":"c7e6d35effaff93c10024989c9e644f8cfb898e1"}
,"/home/koushik-pinnu/Downloads/E/FDFED-2/backend/routers/user-routes/authrouter.js": {"path":"/home/koushik-pinnu/Downloads/E/FDFED-2/backend/routers/user-routes/authrouter.js","statementMap":{"0":{"start":{"line":1,"column":16},"end":{"line":1,"column":34}},"1":{"start":{"line":2,"column":24},"end":{"line":2,"column":68}},"2":{"start":{"line":3,"column":48},"end":{"line":3,"column":80}},"3":{"start":{"line":5,"column":19},"end":{"line":5,"column":35}},"4":{"start":{"line":7,"column":0},"end":{"line":7,"column":76}},"5":{"start":{"line":9,"column":0},"end":{"line":9,"column":28}}},"fnMap":{},"branchMap":{},"s":{"0":1,"1":1,"2":1,"3":1,"4":1,"5":1},"f":{},"b":{},"_coverageSchema":"1a1c01bbd47fc00a2c39e90264f33305004495a9","hash":"8c01d6170341e54642c84fd1a67b6a0d456edd71"}
,"/home/koushik-pinnu/Downloads/E/FDFED-2/backend/routers/user-routes/user_auctionpage.js": {"path":"/home/koushik-pinnu/Downloads/E/FDFED-2/backend/routers/user-routes/user_auctionpage.js","statementMap":{"0":{"start":{"line":1,"column":16},"end":{"line":1,"column":34}},"1":{"start":{"line":2,"column":30},"end":{"line":2,"column":81}},"2":{"start":{"line":3,"column":48},"end":{"line":3,"column":80}},"3":{"start":{"line":5,"column":15},"end":{"line":5,"column":31}},"4":{"start":{"line":7,"column":0},"end":{"line":7,"column":114}},"5":{"start":{"line":8,"column":0},"end":{"line":8,"column":101}},"6":{"start":{"line":10,"column":0},"end":{"line":10,"column":24}}},"fnMap":{},"branchMap":{},"s":{"0":1,"1":1,"2":1,"3":1,"4":1,"5":1,"6":1},"f":{},"b":{},"_coverageSchema":"1a1c01bbd47fc00a2c39e90264f33305004495a9","hash":"d9960e690fbe0f562fae14952ec74e87846a9885"}
,"/home/koushik-pinnu/Downloads/E/FDFED-2/backend/routers/user-routes/user_home.js": {"path":"/home/koushik-pinnu/Downloads/E/FDFED-2/backend/routers/user-routes/user_home.js","statementMap":{"0":{"start":{"line":1,"column":16},"end":{"line":1,"column":34}},"1":{"start":{"line":2,"column":23},"end":{"line":2,"column":66}},"2":{"start":{"line":3,"column":48},"end":{"line":3,"column":80}},"3":{"start":{"line":5,"column":15},"end":{"line":5,"column":31}},"4":{"start":{"line":7,"column":0},"end":{"line":7,"column":90}},"5":{"start":{"line":9,"column":0},"end":{"line":9,"column":24}}},"fnMap":{},"branchMap":{},"s":{"0":1,"1":1,"2":1,"3":1,"4":1,"5":1},"f":{},"b":{},"_coverageSchema":"1a1c01bbd47fc00a2c39e90264f33305004495a9","hash":"8aae10f94c3bec648d34bf0e773c077145260958"}
,"/home/koushik-pinnu/Downloads/E/FDFED-2/backend/routers/user-routes/user_login.js": {"path":"/home/koushik-pinnu/Downloads/E/FDFED-2/backend/routers/user-routes/user_login.js","statementMap":{"0":{"start":{"line":1,"column":16},"end":{"line":1,"column":34}},"1":{"start":{"line":2,"column":23},"end":{"line":2,"column":67}},"2":{"start":{"line":3,"column":48},"end":{"line":3,"column":80}},"3":{"start":{"line":5,"column":15},"end":{"line":5,"column":31}},"4":{"start":{"line":7,"column":0},"end":{"line":7,"column":85}},"5":{"start":{"line":9,"column":0},"end":{"line":9,"column":24}}},"fnMap":{},"branchMap":{},"s":{"0":1,"1":1,"2":1,"3":1,"4":1,"5":1},"f":{},"b":{},"_coverageSchema":"1a1c01bbd47fc00a2c39e90264f33305004495a9","hash":"002e69d1f9fb1888836dacde10546e5c0b719de8"}
,"/home/koushik-pinnu/Downloads/E/FDFED-2/backend/routers/user-routes/user_register.js": {"path":"/home/koushik-pinnu/Downloads/E/FDFED-2/backend/routers/user-routes/user_register.js","statementMap":{"0":{"start":{"line":1,"column":16},"end":{"line":1,"column":34}},"1":{"start":{"line":2,"column":23},"end":{"line":2,"column":70}},"2":{"start":{"line":3,"column":48},"end":{"line":3,"column":80}},"3":{"start":{"line":6,"column":15},"end":{"line":6,"column":31}},"4":{"start":{"line":9,"column":0},"end":{"line":9,"column":88}},"5":{"start":{"line":12,"column":0},"end":{"line":12,"column":24}}},"fnMap":{},"branchMap":{},"s":{"0":1,"1":1,"2":1,"3":1,"4":1,"5":1},"f":{},"b":{},"_coverageSchema":"1a1c01bbd47fc00a2c39e90264f33305004495a9","hash":"1f334054770ab5be9058f678af9c13e3ddca4c5a"}
,"/home/koushik-pinnu/Downloads/E/FDFED-2/backend/routers/user-routes/verifymail.js": {"path":"/home/koushik-pinnu/Downloads/E/FDFED-2/backend/routers/user-routes/verifymail.js","statementMap":{"0":{"start":{"line":1,"column":16},"end":{"line":1,"column":34}},"1":{"start":{"line":2,"column":35},"end":{"line":2,"column":80}},"2":{"start":{"line":3,"column":48},"end":{"line":3,"column":80}},"3":{"start":{"line":5,"column":15},"end":{"line":5,"column":31}},"4":{"start":{"line":7,"column":0},"end":{"line":9,"column":3}},"5":{"start":{"line":8,"column":4},"end":{"line":8,"column":53}},"6":{"start":{"line":11,"column":0},"end":{"line":11,"column":24}}},"fnMap":{"0":{"name":"(anonymous_0)","decl":{"start":{"line":7,"column":56},"end":{"line":7,"column":57}},"loc":{"start":{"line":7,"column":70},"end":{"line":9,"column":1}},"line":7}},"branchMap":{},"s":{"0":1,"1":1,"2":1,"3":1,"4":1,"5":0,"6":1},"f":{"0":0},"b":{},"_coverageSchema":"1a1c01bbd47fc00a2c39e90264f33305004495a9","hash":"2d4527fd6505df20fa486daa1b4ce7c802725d04"}
}
