TN:
SF:controllers/user/LikedItems.js
FN:4,getLikedItems
FN:17,addLikedItems
FN:35,deleteLikedItems
FN:44,(anonymous_3)
FN:60,oo_cm
FNF:5
FNH:4
FNDA:1,getLikedItems
FNDA:1,addLikedItems
FNDA:1,deleteLikedItems
FNDA:1,(anonymous_3)
FNDA:0,oo_cm
DA:1,1
DA:2,1
DA:5,1
DA:6,1
DA:7,1
DA:8,0
DA:10,1
DA:12,0
DA:13,0
DA:18,1
DA:19,1
DA:20,1
DA:22,1
DA:23,0
DA:26,1
DA:27,1
DA:28,1
DA:30,0
DA:31,0
DA:36,1
DA:37,1
DA:38,1
DA:40,1
DA:41,0
DA:44,1
DA:45,1
DA:46,1
DA:48,0
DA:49,0
DA:53,1
DA:60,0
LF:31
LH:21
BRDA:7,0,0,0
BRDA:7,0,1,1
BRDA:22,1,0,0
BRDA:22,1,1,1
BRDA:22,2,0,1
BRDA:22,2,1,1
BRDA:40,3,0,0
BRDA:40,3,1,1
BRDA:40,4,0,1
BRDA:40,4,1,1
BRDA:60,5,0,0
BRDA:60,5,1,0
BRF:12
BRH:7
end_of_record
TN:
SF:controllers/user/googleauth.js
FN:9,getUserInfo
FN:16,googleLogin
FN:47,oo_cm
FNF:3
FNH:3
FNDA:1,getUserInfo
FNDA:1,googleLogin
FNDA:1,oo_cm
DA:1,1
DA:2,1
DA:3,1
DA:5,1
DA:6,1
DA:7,1
DA:10,1
DA:13,0
DA:17,1
DA:18,1
DA:19,1
DA:20,0
DA:21,0
DA:22,0
DA:23,0
DA:24,0
DA:26,0
DA:32,0
DA:33,0
DA:35,1
DA:36,1
DA:40,1
DA:47,1
LF:23
LH:14
BRDA:23,0,0,0
BRDA:23,0,1,0
BRDA:47,1,0,1
BRDA:47,1,1,0
BRF:4
BRH:1
end_of_record
TN:
SF:controllers/user/user_home.js
FN:4,renderUserHome
FN:29,oo_cm
FNF:2
FNH:1
FNDA:1,renderUserHome
FNDA:0,oo_cm
DA:1,1
DA:2,1
DA:5,1
DA:6,1
DA:7,1
DA:9,1
DA:15,1
DA:17,0
DA:18,0
DA:22,1
DA:29,0
LF:11
LH:8
BRDA:29,0,0,0
BRDA:29,0,1,0
BRF:2
BRH:0
end_of_record
TN:
SF:controllers/user/user_login.js
FN:4,userlogin_post
FN:35,oo_cm
FNF:2
FNH:1
FNDA:3,userlogin_post
FNDA:0,oo_cm
DA:1,1
DA:2,1
DA:5,3
DA:7,3
DA:8,3
DA:9,3
DA:10,1
DA:12,2
DA:13,0
DA:16,2
DA:17,2
DA:18,1
DA:20,1
DA:23,0
DA:24,0
DA:28,1
DA:35,0
LF:17
LH:13
BRDA:9,0,0,1
BRDA:9,0,1,2
BRDA:12,1,0,0
BRDA:12,1,1,2
BRDA:17,2,0,1
BRDA:17,2,1,1
BRDA:35,3,0,0
BRDA:35,3,1,0
BRF:8
BRH:5
end_of_record
TN:
SF:controllers/user/user_register.js
FN:5,userregister_post
FN:50,(anonymous_1)
FN:72,oo_cm
FNF:3
FNH:3
FNDA:2,userregister_post
FNDA:1,(anonymous_1)
FNDA:1,oo_cm
DA:1,1
DA:2,1
DA:3,1
DA:6,2
DA:8,2
DA:9,2
DA:10,2
DA:12,2
DA:13,1
DA:16,1
DA:17,1
DA:24,1
DA:26,1
DA:34,1
DA:35,1
DA:50,1
DA:51,1
DA:52,1
DA:54,0
DA:58,1
DA:60,0
DA:61,0
DA:65,1
DA:72,1
LF:24
LH:21
BRDA:12,0,0,1
BRDA:12,0,1,1
BRDA:12,1,0,2
BRDA:12,1,1,1
BRDA:51,2,0,1
BRDA:51,2,1,0
BRDA:72,3,0,1
BRDA:72,3,1,0
BRF:8
BRH:6
end_of_record
TN:
SF:middleware/User.js
FN:1,(anonymous_0)
FN:6,(anonymous_1)
FN:30,oo_cm
FNF:3
FNH:2
FNDA:9,(anonymous_0)
FNDA:0,(anonymous_1)
FNDA:9,oo_cm
DA:1,1
DA:2,9
DA:3,9
DA:6,1
DA:7,0
DA:8,0
DA:11,0
DA:13,0
DA:14,0
DA:16,0
DA:17,0
DA:20,0
DA:23,1
DA:30,9
LF:14
LH:6
BRDA:7,0,0,0
BRDA:7,0,1,0
BRDA:11,1,0,0
BRDA:11,1,1,0
BRDA:30,2,0,9
BRDA:30,2,1,1
BRF:6
BRH:2
end_of_record
TN:
SF:models/itemmodel.js
FNF:0
FNH:0
DA:1,1
DA:3,1
DA:24,1
DA:26,1
LF:4
LH:4
BRF:0
BRH:0
end_of_record
TN:
SF:models/usermodel.js
FNF:0
FNH:0
DA:1,1
DA:2,1
DA:4,1
DA:13,1
DA:14,1
LF:5
LH:5
BRF:0
BRH:0
end_of_record
TN:
SF:routers/user-routes/LikedRoutes.js
FN:7,(anonymous_0)
FN:8,(anonymous_1)
FN:9,(anonymous_2)
FNF:3
FNH:3
FNDA:1,(anonymous_0)
FNDA:1,(anonymous_1)
FNDA:1,(anonymous_2)
DA:1,1
DA:2,1
DA:3,1
DA:5,1
DA:7,1
DA:8,1
DA:9,1
DA:11,1
LF:8
LH:8
BRF:0
BRH:0
end_of_record
TN:
SF:routers/user-routes/authrouter.js
FNF:0
FNH:0
DA:1,1
DA:2,1
DA:3,1
DA:5,1
DA:7,1
DA:9,1
LF:6
LH:6
BRF:0
BRH:0
end_of_record
TN:
SF:routers/user-routes/user_login.js
FNF:0
FNH:0
DA:1,1
DA:2,1
DA:3,1
DA:5,1
DA:7,1
DA:9,1
LF:6
LH:6
BRF:0
BRH:0
end_of_record
TN:
SF:routers/user-routes/user_register.js
FNF:0
FNH:0
DA:1,1
DA:2,1
DA:3,1
DA:6,1
DA:9,1
DA:12,1
LF:6
LH:6
BRF:0
BRH:0
end_of_record
