TN:
SF:index.js
FN:29,(anonymous_0)
FN:47,(anonymous_1)
FN:54,(anonymous_2)
FN:55,(anonymous_3)
FN:59,(anonymous_4)
FN:60,(anonymous_5)
FN:64,(anonymous_6)
FN:65,(anonymous_7)
FN:69,(anonymous_8)
FN:104,(anonymous_9)
FN:105,(anonymous_10)
FN:107,(anonymous_11)
FN:114,(anonymous_12)
FN:123,(anonymous_13)
FN:139,(anonymous_14)
FN:151,oo_cm
FNF:16
FNH:4
FNDA:11,(anonymous_0)
FNDA:1,(anonymous_1)
FNDA:11,(anonymous_2)
FNDA:0,(anonymous_3)
FNDA:0,(anonymous_4)
FNDA:0,(anonymous_5)
FNDA:0,(anonymous_6)
FNDA:0,(anonymous_7)
FNDA:0,(anonymous_8)
FNDA:0,(anonymous_9)
FNDA:0,(anonymous_10)
FNDA:0,(anonymous_11)
FNDA:0,(anonymous_12)
FNDA:0,(anonymous_13)
FNDA:0,(anonymous_14)
FNDA:1,oo_cm
DA:1,1
DA:2,1
DA:3,1
DA:4,1
DA:5,1
DA:6,1
DA:7,1
DA:8,1
DA:9,1
DA:10,1
DA:11,1
DA:12,1
DA:13,1
DA:14,1
DA:15,1
DA:23,1
DA:28,1
DA:30,11
DA:31,11
DA:33,0
DA:40,1
DA:41,1
DA:44,1
DA:45,1
DA:46,1
DA:47,1
DA:48,1
DA:50,1
DA:54,11
DA:55,1
DA:56,1
DA:59,1
DA:60,1
DA:61,0
DA:64,1
DA:65,0
DA:66,0
DA:69,1
DA:70,0
DA:71,0
DA:73,0
DA:80,0
DA:83,0
DA:97,0
DA:98,0
DA:100,0
DA:101,0
DA:104,1
DA:105,0
DA:106,0
DA:108,0
DA:114,1
DA:115,1
DA:116,1
DA:117,1
DA:118,1
DA:119,1
DA:120,1
DA:121,1
DA:123,1
DA:124,1
DA:125,1
DA:126,1
DA:127,1
DA:128,1
DA:129,1
DA:130,1
DA:134,1
DA:135,1
DA:136,1
DA:139,1
DA:140,0
DA:141,0
DA:144,1
DA:151,1
LF:75
LH:57
BRDA:30,0,0,11
BRDA:30,0,1,0
BRDA:30,1,0,11
BRDA:30,1,1,0
BRDA:55,2,0,0
BRDA:55,2,1,0
BRDA:151,3,0,1
BRDA:151,3,1,0
BRF:8
BRH:3
end_of_record
TN:
SF:controllers/admin/admin_homepage.js
FN:6,(anonymous_0)
FN:32,oo_cm
FNF:2
FNH:0
FNDA:0,(anonymous_0)
FNDA:0,oo_cm
DA:1,1
DA:2,1
DA:3,1
DA:7,0
DA:8,0
DA:9,0
DA:10,0
DA:12,0
DA:17,0
DA:19,0
DA:20,0
DA:25,1
DA:32,0
LF:13
LH:4
BRDA:32,0,0,0
BRDA:32,0,1,0
BRF:2
BRH:0
end_of_record
TN:
SF:controllers/admin/admin_login.js
FN:2,(anonymous_0)
FN:29,oo_cm
FNF:2
FNH:0
FNDA:0,(anonymous_0)
FNDA:0,oo_cm
DA:3,0
DA:4,0
DA:5,0
DA:8,0
DA:9,0
DA:10,0
DA:11,0
DA:13,0
DA:16,0
DA:17,0
DA:22,1
DA:29,0
LF:12
LH:1
BRDA:10,0,0,0
BRDA:10,0,1,0
BRDA:10,1,0,0
BRDA:10,1,1,0
BRDA:29,2,0,0
BRDA:29,2,1,0
BRF:6
BRH:0
end_of_record
TN:
SF:controllers/admin/deleteitem,.js
FN:6,(anonymous_0)
FN:60,oo_cm
FNF:2
FNH:0
FNDA:0,(anonymous_0)
FNDA:0,oo_cm
DA:1,1
DA:2,1
DA:3,1
DA:7,0
DA:8,0
DA:10,0
DA:12,0
DA:14,0
DA:15,0
DA:18,0
DA:19,0
DA:20,0
DA:21,0
DA:23,0
DA:24,0
DA:26,0
DA:30,0
DA:31,0
DA:32,0
DA:34,0
DA:35,0
DA:40,0
DA:41,0
DA:44,0
DA:47,0
DA:48,0
DA:53,1
DA:60,0
LF:28
LH:4
BRDA:12,0,0,0
BRDA:12,0,1,0
BRDA:12,0,2,0
BRDA:12,0,3,0
BRDA:19,1,0,0
BRDA:19,1,1,0
BRDA:31,2,0,0
BRDA:31,2,1,0
BRDA:60,3,0,0
BRDA:60,3,1,0
BRF:10
BRH:0
end_of_record
TN:
SF:controllers/seller/create_auction.js
FN:12,createAuctionPost
FN:67,oo_cm
FNF:2
FNH:0
FNDA:0,createAuctionPost
FNDA:0,oo_cm
DA:1,1
DA:2,1
DA:3,1
DA:6,1
DA:13,0
DA:15,0
DA:17,0
DA:18,0
DA:24,0
DA:25,0
DA:26,0
DA:27,0
DA:28,0
DA:46,0
DA:47,0
DA:49,0
DA:50,0
DA:51,0
DA:53,0
DA:55,0
DA:56,0
DA:60,1
DA:67,0
LF:23
LH:5
BRDA:17,0,0,0
BRDA:17,0,1,0
BRDA:67,1,0,0
BRDA:67,1,1,0
BRF:4
BRH:0
end_of_record
TN:
SF:controllers/seller/sell_item.js
FN:6,sellingPageGet
FN:25,sellingPagePost
FN:93,oo_cm
FNF:3
FNH:0
FNDA:0,sellingPageGet
FNDA:0,sellingPagePost
FNDA:0,oo_cm
DA:1,1
DA:2,1
DA:3,1
DA:4,1
DA:7,0
DA:8,0
DA:9,0
DA:10,0
DA:13,0
DA:14,0
DA:15,0
DA:18,0
DA:20,0
DA:21,0
DA:26,0
DA:27,0
DA:28,0
DA:29,0
DA:32,0
DA:34,0
DA:40,0
DA:41,0
DA:44,0
DA:45,0
DA:47,0
DA:48,0
DA:49,0
DA:52,0
DA:60,0
DA:72,0
DA:74,0
DA:75,0
DA:77,0
DA:79,0
DA:81,0
DA:82,0
DA:86,1
DA:93,0
LF:38
LH:5
BRDA:9,0,0,0
BRDA:9,0,1,0
BRDA:14,1,0,0
BRDA:14,1,1,0
BRDA:28,2,0,0
BRDA:28,2,1,0
BRDA:40,3,0,0
BRDA:40,3,1,0
BRDA:48,4,0,0
BRDA:48,4,1,0
BRDA:93,5,0,0
BRDA:93,5,1,0
BRF:12
BRH:0
end_of_record
TN:
SF:controllers/seller/seller_home.js
FN:4,renderSellerHome
FN:26,oo_cm
FNF:2
FNH:0
FNDA:0,renderSellerHome
FNDA:0,oo_cm
DA:1,1
DA:2,1
DA:5,0
DA:6,0
DA:7,0
DA:8,0
DA:11,0
DA:12,0
DA:14,0
DA:15,0
DA:19,1
DA:26,0
LF:12
LH:3
BRDA:7,0,0,0
BRDA:7,0,1,0
BRDA:26,1,0,0
BRDA:26,1,1,0
BRF:4
BRH:0
end_of_record
TN:
SF:controllers/seller/seller_login.js
FN:4,sellerlogin_post
FN:32,oo_cm
FNF:2
FNH:0
FNDA:0,sellerlogin_post
FNDA:0,oo_cm
DA:1,1
DA:2,1
DA:5,0
DA:7,0
DA:8,0
DA:9,0
DA:10,0
DA:13,0
DA:14,0
DA:15,0
DA:18,0
DA:20,0
DA:21,0
DA:25,1
DA:32,0
LF:15
LH:3
BRDA:9,0,0,0
BRDA:9,0,1,0
BRDA:14,1,0,0
BRDA:14,1,1,0
BRDA:32,2,0,0
BRDA:32,2,1,0
BRF:6
BRH:0
end_of_record
TN:
SF:controllers/seller/seller_register.js
FN:6,sellerregister_post
FN:52,(anonymous_1)
FN:74,oo_cm
FNF:3
FNH:0
FNDA:0,sellerregister_post
FNDA:0,(anonymous_1)
FNDA:0,oo_cm
DA:1,1
DA:2,1
DA:4,1
DA:7,0
DA:9,0
DA:10,0
DA:11,0
DA:12,0
DA:13,0
DA:16,0
DA:18,0
DA:26,0
DA:28,0
DA:36,0
DA:37,0
DA:52,0
DA:53,0
DA:54,0
DA:56,0
DA:60,0
DA:62,0
DA:63,0
DA:67,1
DA:74,0
LF:24
LH:4
BRDA:12,0,0,0
BRDA:12,0,1,0
BRDA:12,1,0,0
BRDA:12,1,1,0
BRDA:53,2,0,0
BRDA:53,2,1,0
BRDA:74,3,0,0
BRDA:74,3,1,0
BRF:8
BRH:0
end_of_record
TN:
SF:controllers/seller/verifyemail.js
FN:4,verifyEmail
FN:37,oo_cm
FNF:2
FNH:0
FNDA:0,verifyEmail
FNDA:0,oo_cm
DA:1,1
DA:2,1
DA:5,0
DA:6,0
DA:7,0
DA:8,0
DA:9,0
DA:12,0
DA:20,0
DA:21,0
DA:23,0
DA:25,0
DA:26,0
DA:30,1
DA:37,0
LF:15
LH:3
BRDA:8,0,0,0
BRDA:8,0,1,0
BRDA:37,1,0,0
BRDA:37,1,1,0
BRF:4
BRH:0
end_of_record
TN:
SF:controllers/user/LikedItems.js
FN:4,getLikedItems
FN:17,addLikedItems
FN:35,deleteLikedItems
FN:44,(anonymous_3)
FNF:4
FNH:4
FNDA:1,getLikedItems
FNDA:1,addLikedItems
FNDA:1,deleteLikedItems
FNDA:1,(anonymous_3)
DA:1,1
DA:2,1
DA:5,1
DA:6,1
DA:7,1
DA:8,0
DA:10,1
DA:12,0
DA:13,0
DA:18,1
DA:19,1
DA:20,1
DA:22,1
DA:23,0
DA:26,1
DA:27,1
DA:28,1
DA:30,0
DA:31,0
DA:36,1
DA:37,1
DA:38,1
DA:40,1
DA:41,0
DA:44,1
DA:45,1
DA:46,1
DA:48,0
DA:49,0
DA:53,1
LF:30
LH:21
BRDA:7,0,0,0
BRDA:7,0,1,1
BRDA:22,1,0,0
BRDA:22,1,1,1
BRDA:22,2,0,1
BRDA:22,2,1,1
BRDA:40,3,0,0
BRDA:40,3,1,1
BRDA:40,4,0,1
BRDA:40,4,1,1
BRF:10
BRH:7
end_of_record
TN:
SF:controllers/user/googleauth.js
FN:9,getUserInfo
FN:16,googleLogin
FNF:2
FNH:2
FNDA:1,getUserInfo
FNDA:1,googleLogin
DA:1,1
DA:2,1
DA:3,1
DA:5,1
DA:6,1
DA:7,1
DA:10,1
DA:13,0
DA:17,1
DA:18,1
DA:19,1
DA:20,0
DA:21,0
DA:22,0
DA:23,0
DA:24,0
DA:26,0
DA:32,0
DA:33,0
DA:35,1
DA:36,1
DA:40,1
LF:22
LH:13
BRDA:23,0,0,0
BRDA:23,0,1,0
BRF:2
BRH:0
end_of_record
TN:
SF:controllers/user/user_auction_page.js
FN:4,renderAuctionPage
FN:19,(anonymous_1)
FN:38,bid
FN:78,oo_cm
FNF:4
FNH:0
FNDA:0,renderAuctionPage
FNDA:0,(anonymous_1)
FNDA:0,bid
FNDA:0,oo_cm
DA:1,1
DA:2,1
DA:5,0
DA:6,0
DA:7,0
DA:8,0
DA:11,0
DA:12,0
DA:13,0
DA:15,0
DA:16,0
DA:19,0
DA:20,0
DA:21,0
DA:22,0
DA:25,0
DA:31,0
DA:33,0
DA:34,0
DA:39,0
DA:41,0
DA:42,0
DA:43,0
DA:44,0
DA:47,0
DA:48,0
DA:49,0
DA:51,0
DA:52,0
DA:54,0
DA:55,0
DA:58,0
DA:59,0
DA:60,0
DA:61,0
DA:62,0
DA:64,0
DA:66,0
DA:67,0
DA:71,1
DA:78,0
LF:41
LH:3
BRDA:7,0,0,0
BRDA:7,0,1,0
BRDA:12,1,0,0
BRDA:12,1,1,0
BRDA:15,2,0,0
BRDA:15,2,1,0
BRDA:20,3,0,0
BRDA:20,3,1,0
BRDA:43,4,0,0
BRDA:43,4,1,0
BRDA:48,5,0,0
BRDA:48,5,1,0
BRDA:51,6,0,0
BRDA:51,6,1,0
BRDA:54,7,0,0
BRDA:54,7,1,0
BRDA:54,8,0,0
BRDA:54,8,1,0
BRDA:78,9,0,0
BRDA:78,9,1,0
BRF:20
BRH:0
end_of_record
TN:
SF:controllers/user/user_home.js
FN:4,renderUserHome
FN:29,oo_cm
FNF:2
FNH:1
FNDA:1,renderUserHome
FNDA:0,oo_cm
DA:1,1
DA:2,1
DA:5,1
DA:6,1
DA:7,1
DA:9,1
DA:15,1
DA:17,0
DA:18,0
DA:22,1
DA:29,0
LF:11
LH:8
BRDA:29,0,0,0
BRDA:29,0,1,0
BRF:2
BRH:0
end_of_record
TN:
SF:controllers/user/user_login.js
FN:4,userlogin_post
FN:35,oo_cm
FNF:2
FNH:1
FNDA:3,userlogin_post
FNDA:0,oo_cm
DA:1,1
DA:2,1
DA:5,3
DA:7,3
DA:8,3
DA:9,3
DA:10,1
DA:12,2
DA:13,0
DA:16,2
DA:17,2
DA:18,1
DA:20,1
DA:23,0
DA:24,0
DA:28,1
DA:35,0
LF:17
LH:13
BRDA:9,0,0,1
BRDA:9,0,1,2
BRDA:12,1,0,0
BRDA:12,1,1,2
BRDA:17,2,0,1
BRDA:17,2,1,1
BRDA:35,3,0,0
BRDA:35,3,1,0
BRF:8
BRH:5
end_of_record
TN:
SF:controllers/user/user_register.js
FN:5,userregister_post
FN:50,(anonymous_1)
FN:72,oo_cm
FNF:3
FNH:3
FNDA:2,userregister_post
FNDA:1,(anonymous_1)
FNDA:1,oo_cm
DA:1,1
DA:2,1
DA:3,1
DA:6,2
DA:8,2
DA:9,2
DA:10,2
DA:12,2
DA:13,1
DA:16,1
DA:17,1
DA:24,1
DA:26,1
DA:34,1
DA:35,1
DA:50,1
DA:51,1
DA:52,1
DA:54,0
DA:58,1
DA:60,0
DA:61,0
DA:65,1
DA:72,1
LF:24
LH:21
BRDA:12,0,0,1
BRDA:12,0,1,1
BRDA:12,1,0,2
BRDA:12,1,1,1
BRDA:51,2,0,1
BRDA:51,2,1,0
BRDA:72,3,0,1
BRDA:72,3,1,0
BRF:8
BRH:6
end_of_record
TN:
SF:controllers/user/verifyemail.js
FN:4,verifyEmail
FN:35,oo_cm
FNF:2
FNH:0
FNDA:0,verifyEmail
FNDA:0,oo_cm
DA:1,1
DA:2,1
DA:5,0
DA:6,0
DA:7,0
DA:8,0
DA:9,0
DA:12,0
DA:19,0
DA:20,0
DA:21,0
DA:23,0
DA:24,0
DA:28,1
DA:35,0
LF:15
LH:3
BRDA:8,0,0,0
BRDA:8,0,1,0
BRDA:35,1,0,0
BRDA:35,1,1,0
BRF:4
BRH:0
end_of_record
TN:
SF:middleware/Admin.js
FN:1,(anonymous_0)
FN:6,(anonymous_1)
FN:39,oo_cm
FNF:3
FNH:0
FNDA:0,(anonymous_0)
FNDA:0,(anonymous_1)
FNDA:0,oo_cm
DA:1,1
DA:2,0
DA:3,0
DA:6,1
DA:7,0
DA:8,0
DA:11,0
DA:13,0
DA:14,0
DA:16,0
DA:17,0
DA:19,0
DA:20,0
DA:22,0
DA:23,0
DA:25,0
DA:26,0
DA:29,0
DA:32,1
DA:39,0
LF:20
LH:3
BRDA:7,0,0,0
BRDA:7,0,1,0
BRDA:11,1,0,0
BRDA:11,1,1,0
BRDA:11,1,2,0
BRDA:11,1,3,0
BRDA:11,1,4,0
BRDA:39,2,0,0
BRDA:39,2,1,0
BRF:9
BRH:0
end_of_record
TN:
SF:middleware/Seller.js
FN:1,(anonymous_0)
FN:6,(anonymous_1)
FN:39,oo_cm
FNF:3
FNH:0
FNDA:0,(anonymous_0)
FNDA:0,(anonymous_1)
FNDA:0,oo_cm
DA:1,1
DA:2,0
DA:3,0
DA:6,1
DA:7,0
DA:8,0
DA:11,0
DA:13,0
DA:14,0
DA:16,0
DA:17,0
DA:19,0
DA:20,0
DA:22,0
DA:23,0
DA:25,0
DA:26,0
DA:29,0
DA:32,1
DA:39,0
LF:20
LH:3
BRDA:7,0,0,0
BRDA:7,0,1,0
BRDA:11,1,0,0
BRDA:11,1,1,0
BRDA:11,1,2,0
BRDA:11,1,3,0
BRDA:11,1,4,0
BRDA:39,2,0,0
BRDA:39,2,1,0
BRF:9
BRH:0
end_of_record
TN:
SF:middleware/User.js
FN:1,(anonymous_0)
FN:6,(anonymous_1)
FN:30,oo_cm
FNF:3
FNH:2
FNDA:10,(anonymous_0)
FNDA:0,(anonymous_1)
FNDA:10,oo_cm
DA:1,1
DA:2,10
DA:3,10
DA:6,1
DA:7,0
DA:8,0
DA:11,0
DA:13,0
DA:14,0
DA:16,0
DA:17,0
DA:20,0
DA:23,1
DA:30,10
LF:14
LH:6
BRDA:7,0,0,0
BRDA:7,0,1,0
BRDA:11,1,0,0
BRDA:11,1,1,0
BRDA:30,2,0,10
BRDA:30,2,1,1
BRF:6
BRH:2
end_of_record
TN:
SF:models/FeedBackModel.js
FNF:0
FNH:0
DA:1,1
DA:3,1
DA:11,1
DA:12,1
LF:4
LH:4
BRF:0
BRH:0
end_of_record
TN:
SF:models/itemmodel.js
FNF:0
FNH:0
DA:1,1
DA:3,1
DA:24,1
DA:26,1
LF:4
LH:4
BRF:0
BRH:0
end_of_record
TN:
SF:models/sellermodel.js
FNF:0
FNH:0
DA:1,1
DA:2,1
DA:4,1
DA:16,1
DA:18,1
LF:5
LH:5
BRF:0
BRH:0
end_of_record
TN:
SF:models/unverifiedsellers.js
FNF:0
FNH:0
DA:1,1
DA:2,1
DA:4,1
DA:14,1
DA:15,1
LF:5
LH:5
BRF:0
BRH:0
end_of_record
TN:
SF:models/unverifiedusers_model.js
FNF:0
FNH:0
DA:1,1
DA:2,1
DA:4,1
DA:12,1
DA:13,1
LF:5
LH:5
BRF:0
BRH:0
end_of_record
TN:
SF:models/usermodel.js
FNF:0
FNH:0
DA:1,1
DA:2,1
DA:4,1
DA:13,1
DA:14,1
LF:5
LH:5
BRF:0
BRH:0
end_of_record
TN:
SF:routers/admin-routes/admin_home.js
FN:6,(anonymous_0)
FN:11,(anonymous_1)
FN:12,(anonymous_2)
FNF:3
FNH:2
FNDA:1,(anonymous_0)
FNDA:1,(anonymous_1)
FNDA:0,(anonymous_2)
DA:1,1
DA:2,1
DA:3,1
DA:7,1
DA:8,1
DA:12,1
DA:16,1
LF:7
LH:7
BRF:0
BRH:0
end_of_record
TN:
SF:routers/admin-routes/admin_login.js
FN:6,(anonymous_0)
FN:11,(anonymous_1)
FNF:2
FNH:2
FNDA:1,(anonymous_0)
FNDA:1,(anonymous_1)
DA:1,1
DA:2,1
DA:3,1
DA:7,1
DA:8,1
DA:12,1
DA:16,1
LF:7
LH:7
BRF:0
BRH:0
end_of_record
TN:
SF:routers/admin-routes/deleteitem.js
FN:6,(anonymous_0)
FN:11,(anonymous_1)
FN:12,(anonymous_2)
FNF:3
FNH:2
FNDA:1,(anonymous_0)
FNDA:1,(anonymous_1)
FNDA:0,(anonymous_2)
DA:1,1
DA:2,1
DA:3,1
DA:7,1
DA:8,1
DA:12,1
DA:16,1
LF:7
LH:7
BRF:0
BRH:0
end_of_record
TN:
SF:routers/seller-routes/create_auction.js
FN:17,(anonymous_0)
FN:30,oo_cm
FNF:2
FNH:0
FNDA:0,(anonymous_0)
FNDA:0,oo_cm
DA:1,1
DA:2,1
DA:3,1
DA:4,1
DA:5,1
DA:6,1
DA:7,1
DA:8,1
DA:15,1
DA:17,1
DA:19,0
DA:20,0
DA:23,1
DA:30,0
LF:14
LH:11
BRDA:30,0,0,0
BRDA:30,0,1,0
BRF:2
BRH:0
end_of_record
TN:
SF:routers/seller-routes/sell_item.js
FNF:0
FNH:0
DA:1,1
DA:2,1
DA:3,1
DA:5,1
DA:7,1
DA:8,1
DA:10,1
LF:7
LH:7
BRF:0
BRH:0
end_of_record
TN:
SF:routers/seller-routes/seller_home.js
FNF:0
FNH:0
DA:1,1
DA:2,1
DA:3,1
DA:5,1
DA:7,1
DA:9,1
LF:6
LH:6
BRF:0
BRH:0
end_of_record
TN:
SF:routers/seller-routes/seller_login.js
FNF:0
FNH:0
DA:1,1
DA:2,1
DA:3,1
DA:5,1
DA:7,1
DA:9,1
LF:6
LH:6
BRF:0
BRH:0
end_of_record
TN:
SF:routers/seller-routes/seller_register.js
FNF:0
FNH:0
DA:1,1
DA:2,1
DA:3,1
DA:5,1
DA:7,1
DA:9,1
LF:6
LH:6
BRF:0
BRH:0
end_of_record
TN:
SF:routers/seller-routes/sellerverification.js
FN:8,(anonymous_0)
FNF:1
FNH:0
FNDA:0,(anonymous_0)
DA:1,1
DA:2,1
DA:3,1
DA:5,1
DA:8,1
DA:9,0
DA:12,1
LF:7
LH:6
BRF:0
BRH:0
end_of_record
TN:
SF:routers/seller-routes/storage.js
FNF:0
FNH:0
DA:1,1
DA:2,1
DA:4,1
DA:10,1
DA:18,1
LF:5
LH:5
BRF:0
BRH:0
end_of_record
TN:
SF:routers/user-routes/LikedRoutes.js
FN:7,(anonymous_0)
FN:8,(anonymous_1)
FN:9,(anonymous_2)
FNF:3
FNH:3
FNDA:1,(anonymous_0)
FNDA:1,(anonymous_1)
FNDA:1,(anonymous_2)
DA:1,1
DA:2,1
DA:3,1
DA:5,1
DA:7,1
DA:8,1
DA:9,1
DA:11,1
LF:8
LH:8
BRF:0
BRH:0
end_of_record
TN:
SF:routers/user-routes/authrouter.js
FNF:0
FNH:0
DA:1,1
DA:2,1
DA:3,1
DA:5,1
DA:7,1
DA:9,1
LF:6
LH:6
BRF:0
BRH:0
end_of_record
TN:
SF:routers/user-routes/user_auctionpage.js
FNF:0
FNH:0
DA:1,1
DA:2,1
DA:3,1
DA:5,1
DA:7,1
DA:8,1
DA:10,1
LF:7
LH:7
BRF:0
BRH:0
end_of_record
TN:
SF:routers/user-routes/user_home.js
FNF:0
FNH:0
DA:1,1
DA:2,1
DA:3,1
DA:5,1
DA:7,1
DA:9,1
LF:6
LH:6
BRF:0
BRH:0
end_of_record
TN:
SF:routers/user-routes/user_login.js
FNF:0
FNH:0
DA:1,1
DA:2,1
DA:3,1
DA:5,1
DA:7,1
DA:9,1
LF:6
LH:6
BRF:0
BRH:0
end_of_record
TN:
SF:routers/user-routes/user_register.js
FNF:0
FNH:0
DA:1,1
DA:2,1
DA:3,1
DA:6,1
DA:9,1
DA:12,1
LF:6
LH:6
BRF:0
BRH:0
end_of_record
TN:
SF:routers/user-routes/verifymail.js
FN:7,(anonymous_0)
FNF:1
FNH:0
FNDA:0,(anonymous_0)
DA:1,1
DA:2,1
DA:3,1
DA:5,1
DA:7,1
DA:8,0
DA:11,1
LF:7
LH:6
BRF:0
BRH:0
end_of_record
